ERROR - 2025-01-13 13:30:49 --> mysqli_sql_exception: Table 'arra_arrangefree.subscription_cards' doesn't exist in /home/arrangefree.com/public_html/backend/vendor/codeigniter4/framework/system/Database/MySQLi/Connection.php:306
Stack trace:
#0 /home/arrangefree.com/public_html/backend/vendor/codeigniter4/framework/system/Database/MySQLi/Connection.php(306): mysqli->query()
#1 /home/arrangefree.com/public_html/backend/vendor/codeigniter4/framework/system/Database/BaseConnection.php(692): CodeIgniter\Database\MySQLi\Connection->execute()
#2 /home/arrangefree.com/public_html/backend/vendor/codeigniter4/framework/system/Database/BaseConnection.php(606): CodeIgniter\Database\BaseConnection->simpleQuery()
#3 /home/arrangefree.com/public_html/backend/vendor/codeigniter4/framework/system/Database/BaseBuilder.php(1615): CodeIgniter\Database\BaseConnection->query()
#4 /home/arrangefree.com/public_html/backend/vendor/codeigniter4/framework/system/Model.php(264): CodeIgniter\Database\BaseBuilder->get()
#5 /home/arrangefree.com/public_html/backend/vendor/codeigniter4/framework/system/BaseModel.php(662): CodeIgniter\Model->doFirst()
#6 /home/arrangefree.com/public_html/backend/app/Controllers/SubscriptionCardsController.php(126): CodeIgniter\BaseModel->first()
#7 /home/arrangefree.com/public_html/backend/vendor/codeigniter4/framework/system/CodeIgniter.php(919): App\Controllers\SubscriptionCardsController->get_all_cards_byId()
#8 /home/arrangefree.com/public_html/backend/vendor/codeigniter4/framework/system/CodeIgniter.php(494): CodeIgniter\CodeIgniter->runController()
#9 /home/arrangefree.com/public_html/backend/vendor/codeigniter4/framework/system/CodeIgniter.php(353): CodeIgniter\CodeIgniter->handleRequest()
#10 /home/arrangefree.com/public_html/backend/index.php(91): CodeIgniter\CodeIgniter->run()
#11 {main}
CRITICAL - 2025-01-13 13:30:49 --> Table 'arra_arrangefree.subscription_cards' doesn't exist
in SYSTEMPATH/Database/BaseConnection.php on line 646.
 1 SYSTEMPATH/Database/BaseBuilder.php(1615): CodeIgniter\Database\BaseConnection->query()
 2 SYSTEMPATH/Model.php(264): CodeIgniter\Database\BaseBuilder->get()
 3 SYSTEMPATH/BaseModel.php(662): CodeIgniter\Model->doFirst()
 4 APPPATH/Controllers/SubscriptionCardsController.php(126): CodeIgniter\BaseModel->first()
 5 SYSTEMPATH/CodeIgniter.php(919): App\Controllers\SubscriptionCardsController->get_all_cards_byId()
 6 SYSTEMPATH/CodeIgniter.php(494): CodeIgniter\CodeIgniter->runController()
 7 SYSTEMPATH/CodeIgniter.php(353): CodeIgniter\CodeIgniter->handleRequest()
 8 FCPATH/index.php(91): CodeIgniter\CodeIgniter->run()
ERROR - 2025-01-13 13:31:43 --> mysqli_sql_exception: Table 'arra_arrangefree.subscription_cards' doesn't exist in /home/arrangefree.com/public_html/backend/vendor/codeigniter4/framework/system/Database/MySQLi/Connection.php:306
Stack trace:
#0 /home/arrangefree.com/public_html/backend/vendor/codeigniter4/framework/system/Database/MySQLi/Connection.php(306): mysqli->query()
#1 /home/arrangefree.com/public_html/backend/vendor/codeigniter4/framework/system/Database/BaseConnection.php(692): CodeIgniter\Database\MySQLi\Connection->execute()
#2 /home/arrangefree.com/public_html/backend/vendor/codeigniter4/framework/system/Database/BaseConnection.php(606): CodeIgniter\Database\BaseConnection->simpleQuery()
#3 /home/arrangefree.com/public_html/backend/vendor/codeigniter4/framework/system/Database/BaseBuilder.php(1615): CodeIgniter\Database\BaseConnection->query()
#4 /home/arrangefree.com/public_html/backend/vendor/codeigniter4/framework/system/Model.php(264): CodeIgniter\Database\BaseBuilder->get()
#5 /home/arrangefree.com/public_html/backend/vendor/codeigniter4/framework/system/BaseModel.php(662): CodeIgniter\Model->doFirst()
#6 /home/arrangefree.com/public_html/backend/app/Controllers/SubscriptionCardsController.php(126): CodeIgniter\BaseModel->first()
#7 /home/arrangefree.com/public_html/backend/vendor/codeigniter4/framework/system/CodeIgniter.php(919): App\Controllers\SubscriptionCardsController->get_all_cards_byId()
#8 /home/arrangefree.com/public_html/backend/vendor/codeigniter4/framework/system/CodeIgniter.php(494): CodeIgniter\CodeIgniter->runController()
#9 /home/arrangefree.com/public_html/backend/vendor/codeigniter4/framework/system/CodeIgniter.php(353): CodeIgniter\CodeIgniter->handleRequest()
#10 /home/arrangefree.com/public_html/backend/index.php(91): CodeIgniter\CodeIgniter->run()
#11 {main}
CRITICAL - 2025-01-13 13:31:43 --> Table 'arra_arrangefree.subscription_cards' doesn't exist
in SYSTEMPATH/Database/BaseConnection.php on line 646.
 1 SYSTEMPATH/Database/BaseBuilder.php(1615): CodeIgniter\Database\BaseConnection->query()
 2 SYSTEMPATH/Model.php(264): CodeIgniter\Database\BaseBuilder->get()
 3 SYSTEMPATH/BaseModel.php(662): CodeIgniter\Model->doFirst()
 4 APPPATH/Controllers/SubscriptionCardsController.php(126): CodeIgniter\BaseModel->first()
 5 SYSTEMPATH/CodeIgniter.php(919): App\Controllers\SubscriptionCardsController->get_all_cards_byId()
 6 SYSTEMPATH/CodeIgniter.php(494): CodeIgniter\CodeIgniter->runController()
 7 SYSTEMPATH/CodeIgniter.php(353): CodeIgniter\CodeIgniter->handleRequest()
 8 FCPATH/index.php(91): CodeIgniter\CodeIgniter->run()
ERROR - 2025-01-13 13:32:11 --> mysqli_sql_exception: Table 'arra_arrangefree.subscription_cards' doesn't exist in /home/arrangefree.com/public_html/backend/vendor/codeigniter4/framework/system/Database/MySQLi/Connection.php:306
Stack trace:
#0 /home/arrangefree.com/public_html/backend/vendor/codeigniter4/framework/system/Database/MySQLi/Connection.php(306): mysqli->query()
#1 /home/arrangefree.com/public_html/backend/vendor/codeigniter4/framework/system/Database/BaseConnection.php(692): CodeIgniter\Database\MySQLi\Connection->execute()
#2 /home/arrangefree.com/public_html/backend/vendor/codeigniter4/framework/system/Database/BaseConnection.php(606): CodeIgniter\Database\BaseConnection->simpleQuery()
#3 /home/arrangefree.com/public_html/backend/vendor/codeigniter4/framework/system/Database/BaseBuilder.php(1615): CodeIgniter\Database\BaseConnection->query()
#4 /home/arrangefree.com/public_html/backend/vendor/codeigniter4/framework/system/Model.php(264): CodeIgniter\Database\BaseBuilder->get()
#5 /home/arrangefree.com/public_html/backend/vendor/codeigniter4/framework/system/BaseModel.php(662): CodeIgniter\Model->doFirst()
#6 /home/arrangefree.com/public_html/backend/app/Controllers/SubscriptionCardsController.php(126): CodeIgniter\BaseModel->first()
#7 /home/arrangefree.com/public_html/backend/vendor/codeigniter4/framework/system/CodeIgniter.php(919): App\Controllers\SubscriptionCardsController->get_all_cards_byId()
#8 /home/arrangefree.com/public_html/backend/vendor/codeigniter4/framework/system/CodeIgniter.php(494): CodeIgniter\CodeIgniter->runController()
#9 /home/arrangefree.com/public_html/backend/vendor/codeigniter4/framework/system/CodeIgniter.php(353): CodeIgniter\CodeIgniter->handleRequest()
#10 /home/arrangefree.com/public_html/backend/index.php(91): CodeIgniter\CodeIgniter->run()
#11 {main}
CRITICAL - 2025-01-13 13:32:11 --> Table 'arra_arrangefree.subscription_cards' doesn't exist
in SYSTEMPATH/Database/BaseConnection.php on line 646.
 1 SYSTEMPATH/Database/BaseBuilder.php(1615): CodeIgniter\Database\BaseConnection->query()
 2 SYSTEMPATH/Model.php(264): CodeIgniter\Database\BaseBuilder->get()
 3 SYSTEMPATH/BaseModel.php(662): CodeIgniter\Model->doFirst()
 4 APPPATH/Controllers/SubscriptionCardsController.php(126): CodeIgniter\BaseModel->first()
 5 SYSTEMPATH/CodeIgniter.php(919): App\Controllers\SubscriptionCardsController->get_all_cards_byId()
 6 SYSTEMPATH/CodeIgniter.php(494): CodeIgniter\CodeIgniter->runController()
 7 SYSTEMPATH/CodeIgniter.php(353): CodeIgniter\CodeIgniter->handleRequest()
 8 FCPATH/index.php(91): CodeIgniter\CodeIgniter->run()
