ERROR - 2025-01-06 09:04:29 --> mysqli_sql_exception: Table 'arra_arrangefree.subscription_cards' doesn't exist in /home/arrangefree.com/public_html/backend/vendor/codeigniter4/framework/system/Database/MySQLi/Connection.php:306
Stack trace:
#0 /home/arrangefree.com/public_html/backend/vendor/codeigniter4/framework/system/Database/MySQLi/Connection.php(306): mysqli->query()
#1 /home/arrangefree.com/public_html/backend/vendor/codeigniter4/framework/system/Database/BaseConnection.php(692): CodeIgniter\Database\MySQLi\Connection->execute()
#2 /home/arrangefree.com/public_html/backend/vendor/codeigniter4/framework/system/Database/BaseConnection.php(606): CodeIgniter\Database\BaseConnection->simpleQuery()
#3 /home/arrangefree.com/public_html/backend/vendor/codeigniter4/framework/system/Database/BaseBuilder.php(1615): CodeIgniter\Database\BaseConnection->query()
#4 /home/arrangefree.com/public_html/backend/vendor/codeigniter4/framework/system/Model.php(264): CodeIgniter\Database\BaseBuilder->get()
#5 /home/arrangefree.com/public_html/backend/vendor/codeigniter4/framework/system/BaseModel.php(662): CodeIgniter\Model->doFirst()
#6 /home/arrangefree.com/public_html/backend/app/Controllers/SubscriptionCardsController.php(126): CodeIgniter\BaseModel->first()
#7 /home/arrangefree.com/public_html/backend/vendor/codeigniter4/framework/system/CodeIgniter.php(919): App\Controllers\SubscriptionCardsController->get_all_cards_byId()
#8 /home/arrangefree.com/public_html/backend/vendor/codeigniter4/framework/system/CodeIgniter.php(494): CodeIgniter\CodeIgniter->runController()
#9 /home/arrangefree.com/public_html/backend/vendor/codeigniter4/framework/system/CodeIgniter.php(353): CodeIgniter\CodeIgniter->handleRequest()
#10 /home/arrangefree.com/public_html/backend/index.php(91): CodeIgniter\CodeIgniter->run()
#11 {main}
CRITICAL - 2025-01-06 09:04:29 --> Table 'arra_arrangefree.subscription_cards' doesn't exist
in SYSTEMPATH/Database/BaseConnection.php on line 646.
 1 SYSTEMPATH/Database/BaseBuilder.php(1615): CodeIgniter\Database\BaseConnection->query()
 2 SYSTEMPATH/Model.php(264): CodeIgniter\Database\BaseBuilder->get()
 3 SYSTEMPATH/BaseModel.php(662): CodeIgniter\Model->doFirst()
 4 APPPATH/Controllers/SubscriptionCardsController.php(126): CodeIgniter\BaseModel->first()
 5 SYSTEMPATH/CodeIgniter.php(919): App\Controllers\SubscriptionCardsController->get_all_cards_byId()
 6 SYSTEMPATH/CodeIgniter.php(494): CodeIgniter\CodeIgniter->runController()
 7 SYSTEMPATH/CodeIgniter.php(353): CodeIgniter\CodeIgniter->handleRequest()
 8 FCPATH/index.php(91): CodeIgniter\CodeIgniter->run()
ERROR - 2025-01-06 09:04:41 --> mysqli_sql_exception: Table 'arra_arrangefree.subscribed_users' doesn't exist in /home/arrangefree.com/public_html/backend/vendor/codeigniter4/framework/system/Database/MySQLi/Connection.php:306
Stack trace:
#0 /home/arrangefree.com/public_html/backend/vendor/codeigniter4/framework/system/Database/MySQLi/Connection.php(306): mysqli->query()
#1 /home/arrangefree.com/public_html/backend/vendor/codeigniter4/framework/system/Database/BaseConnection.php(692): CodeIgniter\Database\MySQLi\Connection->execute()
#2 /home/arrangefree.com/public_html/backend/vendor/codeigniter4/framework/system/Database/BaseConnection.php(606): CodeIgniter\Database\BaseConnection->simpleQuery()
#3 /home/arrangefree.com/public_html/backend/vendor/codeigniter4/framework/system/Database/BaseBuilder.php(1615): CodeIgniter\Database\BaseConnection->query()
#4 /home/arrangefree.com/public_html/backend/vendor/codeigniter4/framework/system/Model.php(264): CodeIgniter\Database\BaseBuilder->get()
#5 /home/arrangefree.com/public_html/backend/vendor/codeigniter4/framework/system/BaseModel.php(662): CodeIgniter\Model->doFirst()
#6 /home/arrangefree.com/public_html/backend/app/Controllers/CustomerController.php(417): CodeIgniter\BaseModel->first()
#7 /home/arrangefree.com/public_html/backend/vendor/codeigniter4/framework/system/CodeIgniter.php(919): App\Controllers\CustomerController->getCustomerById()
#8 /home/arrangefree.com/public_html/backend/vendor/codeigniter4/framework/system/CodeIgniter.php(494): CodeIgniter\CodeIgniter->runController()
#9 /home/arrangefree.com/public_html/backend/vendor/codeigniter4/framework/system/CodeIgniter.php(353): CodeIgniter\CodeIgniter->handleRequest()
#10 /home/arrangefree.com/public_html/backend/index.php(91): CodeIgniter\CodeIgniter->run()
#11 {main}
CRITICAL - 2025-01-06 09:04:41 --> Table 'arra_arrangefree.subscribed_users' doesn't exist
in SYSTEMPATH/Database/BaseConnection.php on line 646.
 1 SYSTEMPATH/Database/BaseBuilder.php(1615): CodeIgniter\Database\BaseConnection->query()
 2 SYSTEMPATH/Model.php(264): CodeIgniter\Database\BaseBuilder->get()
 3 SYSTEMPATH/BaseModel.php(662): CodeIgniter\Model->doFirst()
 4 APPPATH/Controllers/CustomerController.php(417): CodeIgniter\BaseModel->first()
 5 SYSTEMPATH/CodeIgniter.php(919): App\Controllers\CustomerController->getCustomerById()
 6 SYSTEMPATH/CodeIgniter.php(494): CodeIgniter\CodeIgniter->runController()
 7 SYSTEMPATH/CodeIgniter.php(353): CodeIgniter\CodeIgniter->handleRequest()
 8 FCPATH/index.php(91): CodeIgniter\CodeIgniter->run()
ERROR - 2025-01-06 09:04:41 --> mysqli_sql_exception: Table 'arra_arrangefree.subscribed_users' doesn't exist in /home/arrangefree.com/public_html/backend/vendor/codeigniter4/framework/system/Database/MySQLi/Connection.php:306
Stack trace:
#0 /home/arrangefree.com/public_html/backend/vendor/codeigniter4/framework/system/Database/MySQLi/Connection.php(306): mysqli->query()
#1 /home/arrangefree.com/public_html/backend/vendor/codeigniter4/framework/system/Database/BaseConnection.php(692): CodeIgniter\Database\MySQLi\Connection->execute()
#2 /home/arrangefree.com/public_html/backend/vendor/codeigniter4/framework/system/Database/BaseConnection.php(606): CodeIgniter\Database\BaseConnection->simpleQuery()
#3 /home/arrangefree.com/public_html/backend/vendor/codeigniter4/framework/system/Database/BaseBuilder.php(1615): CodeIgniter\Database\BaseConnection->query()
#4 /home/arrangefree.com/public_html/backend/vendor/codeigniter4/framework/system/Model.php(264): CodeIgniter\Database\BaseBuilder->get()
#5 /home/arrangefree.com/public_html/backend/vendor/codeigniter4/framework/system/BaseModel.php(662): CodeIgniter\Model->doFirst()
#6 /home/arrangefree.com/public_html/backend/app/Controllers/CustomerController.php(417): CodeIgniter\BaseModel->first()
#7 /home/arrangefree.com/public_html/backend/vendor/codeigniter4/framework/system/CodeIgniter.php(919): App\Controllers\CustomerController->getCustomerById()
#8 /home/arrangefree.com/public_html/backend/vendor/codeigniter4/framework/system/CodeIgniter.php(494): CodeIgniter\CodeIgniter->runController()
#9 /home/arrangefree.com/public_html/backend/vendor/codeigniter4/framework/system/CodeIgniter.php(353): CodeIgniter\CodeIgniter->handleRequest()
#10 /home/arrangefree.com/public_html/backend/index.php(91): CodeIgniter\CodeIgniter->run()
#11 {main}
CRITICAL - 2025-01-06 09:04:41 --> Table 'arra_arrangefree.subscribed_users' doesn't exist
in SYSTEMPATH/Database/BaseConnection.php on line 646.
 1 SYSTEMPATH/Database/BaseBuilder.php(1615): CodeIgniter\Database\BaseConnection->query()
 2 SYSTEMPATH/Model.php(264): CodeIgniter\Database\BaseBuilder->get()
 3 SYSTEMPATH/BaseModel.php(662): CodeIgniter\Model->doFirst()
 4 APPPATH/Controllers/CustomerController.php(417): CodeIgniter\BaseModel->first()
 5 SYSTEMPATH/CodeIgniter.php(919): App\Controllers\CustomerController->getCustomerById()
 6 SYSTEMPATH/CodeIgniter.php(494): CodeIgniter\CodeIgniter->runController()
 7 SYSTEMPATH/CodeIgniter.php(353): CodeIgniter\CodeIgniter->handleRequest()
 8 FCPATH/index.php(91): CodeIgniter\CodeIgniter->run()
ERROR - 2025-01-06 09:05:32 --> mysqli_sql_exception: Table 'arra_arrangefree.subscribed_users' doesn't exist in /home/arrangefree.com/public_html/backend/vendor/codeigniter4/framework/system/Database/MySQLi/Connection.php:306
Stack trace:
#0 /home/arrangefree.com/public_html/backend/vendor/codeigniter4/framework/system/Database/MySQLi/Connection.php(306): mysqli->query()
#1 /home/arrangefree.com/public_html/backend/vendor/codeigniter4/framework/system/Database/BaseConnection.php(692): CodeIgniter\Database\MySQLi\Connection->execute()
#2 /home/arrangefree.com/public_html/backend/vendor/codeigniter4/framework/system/Database/BaseConnection.php(606): CodeIgniter\Database\BaseConnection->simpleQuery()
#3 /home/arrangefree.com/public_html/backend/vendor/codeigniter4/framework/system/Database/BaseBuilder.php(1615): CodeIgniter\Database\BaseConnection->query()
#4 /home/arrangefree.com/public_html/backend/vendor/codeigniter4/framework/system/Model.php(264): CodeIgniter\Database\BaseBuilder->get()
#5 /home/arrangefree.com/public_html/backend/vendor/codeigniter4/framework/system/BaseModel.php(662): CodeIgniter\Model->doFirst()
#6 /home/arrangefree.com/public_html/backend/app/Controllers/CustomerController.php(417): CodeIgniter\BaseModel->first()
#7 /home/arrangefree.com/public_html/backend/vendor/codeigniter4/framework/system/CodeIgniter.php(919): App\Controllers\CustomerController->getCustomerById()
#8 /home/arrangefree.com/public_html/backend/vendor/codeigniter4/framework/system/CodeIgniter.php(494): CodeIgniter\CodeIgniter->runController()
#9 /home/arrangefree.com/public_html/backend/vendor/codeigniter4/framework/system/CodeIgniter.php(353): CodeIgniter\CodeIgniter->handleRequest()
#10 /home/arrangefree.com/public_html/backend/index.php(91): CodeIgniter\CodeIgniter->run()
#11 {main}
CRITICAL - 2025-01-06 09:05:32 --> Table 'arra_arrangefree.subscribed_users' doesn't exist
in SYSTEMPATH/Database/BaseConnection.php on line 646.
 1 SYSTEMPATH/Database/BaseBuilder.php(1615): CodeIgniter\Database\BaseConnection->query()
 2 SYSTEMPATH/Model.php(264): CodeIgniter\Database\BaseBuilder->get()
 3 SYSTEMPATH/BaseModel.php(662): CodeIgniter\Model->doFirst()
 4 APPPATH/Controllers/CustomerController.php(417): CodeIgniter\BaseModel->first()
 5 SYSTEMPATH/CodeIgniter.php(919): App\Controllers\CustomerController->getCustomerById()
 6 SYSTEMPATH/CodeIgniter.php(494): CodeIgniter\CodeIgniter->runController()
 7 SYSTEMPATH/CodeIgniter.php(353): CodeIgniter\CodeIgniter->handleRequest()
 8 FCPATH/index.php(91): CodeIgniter\CodeIgniter->run()
ERROR - 2025-01-06 10:09:08 --> mysqli_sql_exception: Table 'arra_arrangefree.subscription_cards' doesn't exist in /home/arrangefree.com/public_html/backend/vendor/codeigniter4/framework/system/Database/MySQLi/Connection.php:306
Stack trace:
#0 /home/arrangefree.com/public_html/backend/vendor/codeigniter4/framework/system/Database/MySQLi/Connection.php(306): mysqli->query()
#1 /home/arrangefree.com/public_html/backend/vendor/codeigniter4/framework/system/Database/BaseConnection.php(692): CodeIgniter\Database\MySQLi\Connection->execute()
#2 /home/arrangefree.com/public_html/backend/vendor/codeigniter4/framework/system/Database/BaseConnection.php(606): CodeIgniter\Database\BaseConnection->simpleQuery()
#3 /home/arrangefree.com/public_html/backend/vendor/codeigniter4/framework/system/Database/BaseBuilder.php(1615): CodeIgniter\Database\BaseConnection->query()
#4 /home/arrangefree.com/public_html/backend/vendor/codeigniter4/framework/system/Model.php(264): CodeIgniter\Database\BaseBuilder->get()
#5 /home/arrangefree.com/public_html/backend/vendor/codeigniter4/framework/system/BaseModel.php(662): CodeIgniter\Model->doFirst()
#6 /home/arrangefree.com/public_html/backend/app/Controllers/SubscriptionCardsController.php(126): CodeIgniter\BaseModel->first()
#7 /home/arrangefree.com/public_html/backend/vendor/codeigniter4/framework/system/CodeIgniter.php(919): App\Controllers\SubscriptionCardsController->get_all_cards_byId()
#8 /home/arrangefree.com/public_html/backend/vendor/codeigniter4/framework/system/CodeIgniter.php(494): CodeIgniter\CodeIgniter->runController()
#9 /home/arrangefree.com/public_html/backend/vendor/codeigniter4/framework/system/CodeIgniter.php(353): CodeIgniter\CodeIgniter->handleRequest()
#10 /home/arrangefree.com/public_html/backend/index.php(91): CodeIgniter\CodeIgniter->run()
#11 {main}
CRITICAL - 2025-01-06 10:09:08 --> Table 'arra_arrangefree.subscription_cards' doesn't exist
in SYSTEMPATH/Database/BaseConnection.php on line 646.
 1 SYSTEMPATH/Database/BaseBuilder.php(1615): CodeIgniter\Database\BaseConnection->query()
 2 SYSTEMPATH/Model.php(264): CodeIgniter\Database\BaseBuilder->get()
 3 SYSTEMPATH/BaseModel.php(662): CodeIgniter\Model->doFirst()
 4 APPPATH/Controllers/SubscriptionCardsController.php(126): CodeIgniter\BaseModel->first()
 5 SYSTEMPATH/CodeIgniter.php(919): App\Controllers\SubscriptionCardsController->get_all_cards_byId()
 6 SYSTEMPATH/CodeIgniter.php(494): CodeIgniter\CodeIgniter->runController()
 7 SYSTEMPATH/CodeIgniter.php(353): CodeIgniter\CodeIgniter->handleRequest()
 8 FCPATH/index.php(91): CodeIgniter\CodeIgniter->run()
ERROR - 2025-01-06 10:09:12 --> mysqli_sql_exception: Table 'arra_arrangefree.subscription_cards' doesn't exist in /home/arrangefree.com/public_html/backend/vendor/codeigniter4/framework/system/Database/MySQLi/Connection.php:306
Stack trace:
#0 /home/arrangefree.com/public_html/backend/vendor/codeigniter4/framework/system/Database/MySQLi/Connection.php(306): mysqli->query()
#1 /home/arrangefree.com/public_html/backend/vendor/codeigniter4/framework/system/Database/BaseConnection.php(692): CodeIgniter\Database\MySQLi\Connection->execute()
#2 /home/arrangefree.com/public_html/backend/vendor/codeigniter4/framework/system/Database/BaseConnection.php(606): CodeIgniter\Database\BaseConnection->simpleQuery()
#3 /home/arrangefree.com/public_html/backend/vendor/codeigniter4/framework/system/Database/BaseBuilder.php(1615): CodeIgniter\Database\BaseConnection->query()
#4 /home/arrangefree.com/public_html/backend/vendor/codeigniter4/framework/system/Model.php(264): CodeIgniter\Database\BaseBuilder->get()
#5 /home/arrangefree.com/public_html/backend/vendor/codeigniter4/framework/system/BaseModel.php(662): CodeIgniter\Model->doFirst()
#6 /home/arrangefree.com/public_html/backend/app/Controllers/SubscriptionCardsController.php(126): CodeIgniter\BaseModel->first()
#7 /home/arrangefree.com/public_html/backend/vendor/codeigniter4/framework/system/CodeIgniter.php(919): App\Controllers\SubscriptionCardsController->get_all_cards_byId()
#8 /home/arrangefree.com/public_html/backend/vendor/codeigniter4/framework/system/CodeIgniter.php(494): CodeIgniter\CodeIgniter->runController()
#9 /home/arrangefree.com/public_html/backend/vendor/codeigniter4/framework/system/CodeIgniter.php(353): CodeIgniter\CodeIgniter->handleRequest()
#10 /home/arrangefree.com/public_html/backend/index.php(91): CodeIgniter\CodeIgniter->run()
#11 {main}
CRITICAL - 2025-01-06 10:09:12 --> Table 'arra_arrangefree.subscription_cards' doesn't exist
in SYSTEMPATH/Database/BaseConnection.php on line 646.
 1 SYSTEMPATH/Database/BaseBuilder.php(1615): CodeIgniter\Database\BaseConnection->query()
 2 SYSTEMPATH/Model.php(264): CodeIgniter\Database\BaseBuilder->get()
 3 SYSTEMPATH/BaseModel.php(662): CodeIgniter\Model->doFirst()
 4 APPPATH/Controllers/SubscriptionCardsController.php(126): CodeIgniter\BaseModel->first()
 5 SYSTEMPATH/CodeIgniter.php(919): App\Controllers\SubscriptionCardsController->get_all_cards_byId()
 6 SYSTEMPATH/CodeIgniter.php(494): CodeIgniter\CodeIgniter->runController()
 7 SYSTEMPATH/CodeIgniter.php(353): CodeIgniter\CodeIgniter->handleRequest()
 8 FCPATH/index.php(91): CodeIgniter\CodeIgniter->run()
ERROR - 2025-01-06 10:36:58 --> mysqli_sql_exception: Table 'arra_arrangefree.subscription_cards' doesn't exist in /home/arrangefree.com/public_html/backend/vendor/codeigniter4/framework/system/Database/MySQLi/Connection.php:306
Stack trace:
#0 /home/arrangefree.com/public_html/backend/vendor/codeigniter4/framework/system/Database/MySQLi/Connection.php(306): mysqli->query()
#1 /home/arrangefree.com/public_html/backend/vendor/codeigniter4/framework/system/Database/BaseConnection.php(692): CodeIgniter\Database\MySQLi\Connection->execute()
#2 /home/arrangefree.com/public_html/backend/vendor/codeigniter4/framework/system/Database/BaseConnection.php(606): CodeIgniter\Database\BaseConnection->simpleQuery()
#3 /home/arrangefree.com/public_html/backend/vendor/codeigniter4/framework/system/Database/BaseBuilder.php(1615): CodeIgniter\Database\BaseConnection->query()
#4 /home/arrangefree.com/public_html/backend/vendor/codeigniter4/framework/system/Model.php(264): CodeIgniter\Database\BaseBuilder->get()
#5 /home/arrangefree.com/public_html/backend/vendor/codeigniter4/framework/system/BaseModel.php(662): CodeIgniter\Model->doFirst()
#6 /home/arrangefree.com/public_html/backend/app/Controllers/SubscriptionCardsController.php(126): CodeIgniter\BaseModel->first()
#7 /home/arrangefree.com/public_html/backend/vendor/codeigniter4/framework/system/CodeIgniter.php(919): App\Controllers\SubscriptionCardsController->get_all_cards_byId()
#8 /home/arrangefree.com/public_html/backend/vendor/codeigniter4/framework/system/CodeIgniter.php(494): CodeIgniter\CodeIgniter->runController()
#9 /home/arrangefree.com/public_html/backend/vendor/codeigniter4/framework/system/CodeIgniter.php(353): CodeIgniter\CodeIgniter->handleRequest()
#10 /home/arrangefree.com/public_html/backend/index.php(91): CodeIgniter\CodeIgniter->run()
#11 {main}
CRITICAL - 2025-01-06 10:36:58 --> Table 'arra_arrangefree.subscription_cards' doesn't exist
in SYSTEMPATH/Database/BaseConnection.php on line 646.
 1 SYSTEMPATH/Database/BaseBuilder.php(1615): CodeIgniter\Database\BaseConnection->query()
 2 SYSTEMPATH/Model.php(264): CodeIgniter\Database\BaseBuilder->get()
 3 SYSTEMPATH/BaseModel.php(662): CodeIgniter\Model->doFirst()
 4 APPPATH/Controllers/SubscriptionCardsController.php(126): CodeIgniter\BaseModel->first()
 5 SYSTEMPATH/CodeIgniter.php(919): App\Controllers\SubscriptionCardsController->get_all_cards_byId()
 6 SYSTEMPATH/CodeIgniter.php(494): CodeIgniter\CodeIgniter->runController()
 7 SYSTEMPATH/CodeIgniter.php(353): CodeIgniter\CodeIgniter->handleRequest()
 8 FCPATH/index.php(91): CodeIgniter\CodeIgniter->run()
ERROR - 2025-01-06 10:37:20 --> mysqli_sql_exception: Table 'arra_arrangefree.subscribed_users' doesn't exist in /home/arrangefree.com/public_html/backend/vendor/codeigniter4/framework/system/Database/MySQLi/Connection.php:306
Stack trace:
#0 /home/arrangefree.com/public_html/backend/vendor/codeigniter4/framework/system/Database/MySQLi/Connection.php(306): mysqli->query()
#1 /home/arrangefree.com/public_html/backend/vendor/codeigniter4/framework/system/Database/BaseConnection.php(692): CodeIgniter\Database\MySQLi\Connection->execute()
#2 /home/arrangefree.com/public_html/backend/vendor/codeigniter4/framework/system/Database/BaseConnection.php(606): CodeIgniter\Database\BaseConnection->simpleQuery()
#3 /home/arrangefree.com/public_html/backend/vendor/codeigniter4/framework/system/Database/BaseBuilder.php(1615): CodeIgniter\Database\BaseConnection->query()
#4 /home/arrangefree.com/public_html/backend/vendor/codeigniter4/framework/system/Model.php(264): CodeIgniter\Database\BaseBuilder->get()
#5 /home/arrangefree.com/public_html/backend/vendor/codeigniter4/framework/system/BaseModel.php(662): CodeIgniter\Model->doFirst()
#6 /home/arrangefree.com/public_html/backend/app/Controllers/CustomerController.php(417): CodeIgniter\BaseModel->first()
#7 /home/arrangefree.com/public_html/backend/vendor/codeigniter4/framework/system/CodeIgniter.php(919): App\Controllers\CustomerController->getCustomerById()
#8 /home/arrangefree.com/public_html/backend/vendor/codeigniter4/framework/system/CodeIgniter.php(494): CodeIgniter\CodeIgniter->runController()
#9 /home/arrangefree.com/public_html/backend/vendor/codeigniter4/framework/system/CodeIgniter.php(353): CodeIgniter\CodeIgniter->handleRequest()
#10 /home/arrangefree.com/public_html/backend/index.php(91): CodeIgniter\CodeIgniter->run()
#11 {main}
CRITICAL - 2025-01-06 10:37:20 --> Table 'arra_arrangefree.subscribed_users' doesn't exist
in SYSTEMPATH/Database/BaseConnection.php on line 646.
 1 SYSTEMPATH/Database/BaseBuilder.php(1615): CodeIgniter\Database\BaseConnection->query()
 2 SYSTEMPATH/Model.php(264): CodeIgniter\Database\BaseBuilder->get()
 3 SYSTEMPATH/BaseModel.php(662): CodeIgniter\Model->doFirst()
 4 APPPATH/Controllers/CustomerController.php(417): CodeIgniter\BaseModel->first()
 5 SYSTEMPATH/CodeIgniter.php(919): App\Controllers\CustomerController->getCustomerById()
 6 SYSTEMPATH/CodeIgniter.php(494): CodeIgniter\CodeIgniter->runController()
 7 SYSTEMPATH/CodeIgniter.php(353): CodeIgniter\CodeIgniter->handleRequest()
 8 FCPATH/index.php(91): CodeIgniter\CodeIgniter->run()
ERROR - 2025-01-06 10:37:20 --> mysqli_sql_exception: Table 'arra_arrangefree.subscribed_users' doesn't exist in /home/arrangefree.com/public_html/backend/vendor/codeigniter4/framework/system/Database/MySQLi/Connection.php:306
Stack trace:
#0 /home/arrangefree.com/public_html/backend/vendor/codeigniter4/framework/system/Database/MySQLi/Connection.php(306): mysqli->query()
#1 /home/arrangefree.com/public_html/backend/vendor/codeigniter4/framework/system/Database/BaseConnection.php(692): CodeIgniter\Database\MySQLi\Connection->execute()
#2 /home/arrangefree.com/public_html/backend/vendor/codeigniter4/framework/system/Database/BaseConnection.php(606): CodeIgniter\Database\BaseConnection->simpleQuery()
#3 /home/arrangefree.com/public_html/backend/vendor/codeigniter4/framework/system/Database/BaseBuilder.php(1615): CodeIgniter\Database\BaseConnection->query()
#4 /home/arrangefree.com/public_html/backend/vendor/codeigniter4/framework/system/Model.php(264): CodeIgniter\Database\BaseBuilder->get()
#5 /home/arrangefree.com/public_html/backend/vendor/codeigniter4/framework/system/BaseModel.php(662): CodeIgniter\Model->doFirst()
#6 /home/arrangefree.com/public_html/backend/app/Controllers/CustomerController.php(417): CodeIgniter\BaseModel->first()
#7 /home/arrangefree.com/public_html/backend/vendor/codeigniter4/framework/system/CodeIgniter.php(919): App\Controllers\CustomerController->getCustomerById()
#8 /home/arrangefree.com/public_html/backend/vendor/codeigniter4/framework/system/CodeIgniter.php(494): CodeIgniter\CodeIgniter->runController()
#9 /home/arrangefree.com/public_html/backend/vendor/codeigniter4/framework/system/CodeIgniter.php(353): CodeIgniter\CodeIgniter->handleRequest()
#10 /home/arrangefree.com/public_html/backend/index.php(91): CodeIgniter\CodeIgniter->run()
#11 {main}
CRITICAL - 2025-01-06 10:37:20 --> Table 'arra_arrangefree.subscribed_users' doesn't exist
in SYSTEMPATH/Database/BaseConnection.php on line 646.
 1 SYSTEMPATH/Database/BaseBuilder.php(1615): CodeIgniter\Database\BaseConnection->query()
 2 SYSTEMPATH/Model.php(264): CodeIgniter\Database\BaseBuilder->get()
 3 SYSTEMPATH/BaseModel.php(662): CodeIgniter\Model->doFirst()
 4 APPPATH/Controllers/CustomerController.php(417): CodeIgniter\BaseModel->first()
 5 SYSTEMPATH/CodeIgniter.php(919): App\Controllers\CustomerController->getCustomerById()
 6 SYSTEMPATH/CodeIgniter.php(494): CodeIgniter\CodeIgniter->runController()
 7 SYSTEMPATH/CodeIgniter.php(353): CodeIgniter\CodeIgniter->handleRequest()
 8 FCPATH/index.php(91): CodeIgniter\CodeIgniter->run()
ERROR - 2025-01-06 11:02:38 --> mysqli_sql_exception: Table 'arra_arrangefree.subscription_cards' doesn't exist in /home/arrangefree.com/public_html/backend/vendor/codeigniter4/framework/system/Database/MySQLi/Connection.php:306
Stack trace:
#0 /home/arrangefree.com/public_html/backend/vendor/codeigniter4/framework/system/Database/MySQLi/Connection.php(306): mysqli->query()
#1 /home/arrangefree.com/public_html/backend/vendor/codeigniter4/framework/system/Database/BaseConnection.php(692): CodeIgniter\Database\MySQLi\Connection->execute()
#2 /home/arrangefree.com/public_html/backend/vendor/codeigniter4/framework/system/Database/BaseConnection.php(606): CodeIgniter\Database\BaseConnection->simpleQuery()
#3 /home/arrangefree.com/public_html/backend/vendor/codeigniter4/framework/system/Database/BaseBuilder.php(1615): CodeIgniter\Database\BaseConnection->query()
#4 /home/arrangefree.com/public_html/backend/vendor/codeigniter4/framework/system/Model.php(264): CodeIgniter\Database\BaseBuilder->get()
#5 /home/arrangefree.com/public_html/backend/vendor/codeigniter4/framework/system/BaseModel.php(662): CodeIgniter\Model->doFirst()
#6 /home/arrangefree.com/public_html/backend/app/Controllers/SubscriptionCardsController.php(126): CodeIgniter\BaseModel->first()
#7 /home/arrangefree.com/public_html/backend/vendor/codeigniter4/framework/system/CodeIgniter.php(919): App\Controllers\SubscriptionCardsController->get_all_cards_byId()
#8 /home/arrangefree.com/public_html/backend/vendor/codeigniter4/framework/system/CodeIgniter.php(494): CodeIgniter\CodeIgniter->runController()
#9 /home/arrangefree.com/public_html/backend/vendor/codeigniter4/framework/system/CodeIgniter.php(353): CodeIgniter\CodeIgniter->handleRequest()
#10 /home/arrangefree.com/public_html/backend/index.php(91): CodeIgniter\CodeIgniter->run()
#11 {main}
CRITICAL - 2025-01-06 11:02:38 --> Table 'arra_arrangefree.subscription_cards' doesn't exist
in SYSTEMPATH/Database/BaseConnection.php on line 646.
 1 SYSTEMPATH/Database/BaseBuilder.php(1615): CodeIgniter\Database\BaseConnection->query()
 2 SYSTEMPATH/Model.php(264): CodeIgniter\Database\BaseBuilder->get()
 3 SYSTEMPATH/BaseModel.php(662): CodeIgniter\Model->doFirst()
 4 APPPATH/Controllers/SubscriptionCardsController.php(126): CodeIgniter\BaseModel->first()
 5 SYSTEMPATH/CodeIgniter.php(919): App\Controllers\SubscriptionCardsController->get_all_cards_byId()
 6 SYSTEMPATH/CodeIgniter.php(494): CodeIgniter\CodeIgniter->runController()
 7 SYSTEMPATH/CodeIgniter.php(353): CodeIgniter\CodeIgniter->handleRequest()
 8 FCPATH/index.php(91): CodeIgniter\CodeIgniter->run()
ERROR - 2025-01-06 11:07:21 --> mysqli_sql_exception: Table 'arra_arrangefree.subscribed_users' doesn't exist in /home/arrangefree.com/public_html/backend/vendor/codeigniter4/framework/system/Database/MySQLi/Connection.php:306
Stack trace:
#0 /home/arrangefree.com/public_html/backend/vendor/codeigniter4/framework/system/Database/MySQLi/Connection.php(306): mysqli->query()
#1 /home/arrangefree.com/public_html/backend/vendor/codeigniter4/framework/system/Database/BaseConnection.php(692): CodeIgniter\Database\MySQLi\Connection->execute()
#2 /home/arrangefree.com/public_html/backend/vendor/codeigniter4/framework/system/Database/BaseConnection.php(606): CodeIgniter\Database\BaseConnection->simpleQuery()
#3 /home/arrangefree.com/public_html/backend/vendor/codeigniter4/framework/system/Database/BaseBuilder.php(1615): CodeIgniter\Database\BaseConnection->query()
#4 /home/arrangefree.com/public_html/backend/vendor/codeigniter4/framework/system/Model.php(264): CodeIgniter\Database\BaseBuilder->get()
#5 /home/arrangefree.com/public_html/backend/vendor/codeigniter4/framework/system/BaseModel.php(662): CodeIgniter\Model->doFirst()
#6 /home/arrangefree.com/public_html/backend/app/Controllers/CustomerController.php(417): CodeIgniter\BaseModel->first()
#7 /home/arrangefree.com/public_html/backend/vendor/codeigniter4/framework/system/CodeIgniter.php(919): App\Controllers\CustomerController->getCustomerById()
#8 /home/arrangefree.com/public_html/backend/vendor/codeigniter4/framework/system/CodeIgniter.php(494): CodeIgniter\CodeIgniter->runController()
#9 /home/arrangefree.com/public_html/backend/vendor/codeigniter4/framework/system/CodeIgniter.php(353): CodeIgniter\CodeIgniter->handleRequest()
#10 /home/arrangefree.com/public_html/backend/index.php(91): CodeIgniter\CodeIgniter->run()
#11 {main}
CRITICAL - 2025-01-06 11:07:21 --> Table 'arra_arrangefree.subscribed_users' doesn't exist
in SYSTEMPATH/Database/BaseConnection.php on line 646.
 1 SYSTEMPATH/Database/BaseBuilder.php(1615): CodeIgniter\Database\BaseConnection->query()
 2 SYSTEMPATH/Model.php(264): CodeIgniter\Database\BaseBuilder->get()
 3 SYSTEMPATH/BaseModel.php(662): CodeIgniter\Model->doFirst()
 4 APPPATH/Controllers/CustomerController.php(417): CodeIgniter\BaseModel->first()
 5 SYSTEMPATH/CodeIgniter.php(919): App\Controllers\CustomerController->getCustomerById()
 6 SYSTEMPATH/CodeIgniter.php(494): CodeIgniter\CodeIgniter->runController()
 7 SYSTEMPATH/CodeIgniter.php(353): CodeIgniter\CodeIgniter->handleRequest()
 8 FCPATH/index.php(91): CodeIgniter\CodeIgniter->run()
ERROR - 2025-01-06 11:29:41 --> mysqli_sql_exception: Table 'arra_arrangefree.subscription_cards' doesn't exist in /home/arrangefree.com/public_html/backend/vendor/codeigniter4/framework/system/Database/MySQLi/Connection.php:306
Stack trace:
#0 /home/arrangefree.com/public_html/backend/vendor/codeigniter4/framework/system/Database/MySQLi/Connection.php(306): mysqli->query()
#1 /home/arrangefree.com/public_html/backend/vendor/codeigniter4/framework/system/Database/BaseConnection.php(692): CodeIgniter\Database\MySQLi\Connection->execute()
#2 /home/arrangefree.com/public_html/backend/vendor/codeigniter4/framework/system/Database/BaseConnection.php(606): CodeIgniter\Database\BaseConnection->simpleQuery()
#3 /home/arrangefree.com/public_html/backend/vendor/codeigniter4/framework/system/Database/BaseBuilder.php(1615): CodeIgniter\Database\BaseConnection->query()
#4 /home/arrangefree.com/public_html/backend/vendor/codeigniter4/framework/system/Model.php(264): CodeIgniter\Database\BaseBuilder->get()
#5 /home/arrangefree.com/public_html/backend/vendor/codeigniter4/framework/system/BaseModel.php(662): CodeIgniter\Model->doFirst()
#6 /home/arrangefree.com/public_html/backend/app/Controllers/SubscriptionCardsController.php(126): CodeIgniter\BaseModel->first()
#7 /home/arrangefree.com/public_html/backend/vendor/codeigniter4/framework/system/CodeIgniter.php(919): App\Controllers\SubscriptionCardsController->get_all_cards_byId()
#8 /home/arrangefree.com/public_html/backend/vendor/codeigniter4/framework/system/CodeIgniter.php(494): CodeIgniter\CodeIgniter->runController()
#9 /home/arrangefree.com/public_html/backend/vendor/codeigniter4/framework/system/CodeIgniter.php(353): CodeIgniter\CodeIgniter->handleRequest()
#10 /home/arrangefree.com/public_html/backend/index.php(91): CodeIgniter\CodeIgniter->run()
#11 {main}
CRITICAL - 2025-01-06 11:29:41 --> Table 'arra_arrangefree.subscription_cards' doesn't exist
in SYSTEMPATH/Database/BaseConnection.php on line 646.
 1 SYSTEMPATH/Database/BaseBuilder.php(1615): CodeIgniter\Database\BaseConnection->query()
 2 SYSTEMPATH/Model.php(264): CodeIgniter\Database\BaseBuilder->get()
 3 SYSTEMPATH/BaseModel.php(662): CodeIgniter\Model->doFirst()
 4 APPPATH/Controllers/SubscriptionCardsController.php(126): CodeIgniter\BaseModel->first()
 5 SYSTEMPATH/CodeIgniter.php(919): App\Controllers\SubscriptionCardsController->get_all_cards_byId()
 6 SYSTEMPATH/CodeIgniter.php(494): CodeIgniter\CodeIgniter->runController()
 7 SYSTEMPATH/CodeIgniter.php(353): CodeIgniter\CodeIgniter->handleRequest()
 8 FCPATH/index.php(91): CodeIgniter\CodeIgniter->run()
ERROR - 2025-01-06 11:30:06 --> mysqli_sql_exception: Table 'arra_arrangefree.subscription_cards' doesn't exist in /home/arrangefree.com/public_html/backend/vendor/codeigniter4/framework/system/Database/MySQLi/Connection.php:306
Stack trace:
#0 /home/arrangefree.com/public_html/backend/vendor/codeigniter4/framework/system/Database/MySQLi/Connection.php(306): mysqli->query()
#1 /home/arrangefree.com/public_html/backend/vendor/codeigniter4/framework/system/Database/BaseConnection.php(692): CodeIgniter\Database\MySQLi\Connection->execute()
#2 /home/arrangefree.com/public_html/backend/vendor/codeigniter4/framework/system/Database/BaseConnection.php(606): CodeIgniter\Database\BaseConnection->simpleQuery()
#3 /home/arrangefree.com/public_html/backend/vendor/codeigniter4/framework/system/Database/BaseBuilder.php(1615): CodeIgniter\Database\BaseConnection->query()
#4 /home/arrangefree.com/public_html/backend/vendor/codeigniter4/framework/system/Model.php(264): CodeIgniter\Database\BaseBuilder->get()
#5 /home/arrangefree.com/public_html/backend/vendor/codeigniter4/framework/system/BaseModel.php(662): CodeIgniter\Model->doFirst()
#6 /home/arrangefree.com/public_html/backend/app/Controllers/SubscriptionCardsController.php(126): CodeIgniter\BaseModel->first()
#7 /home/arrangefree.com/public_html/backend/vendor/codeigniter4/framework/system/CodeIgniter.php(919): App\Controllers\SubscriptionCardsController->get_all_cards_byId()
#8 /home/arrangefree.com/public_html/backend/vendor/codeigniter4/framework/system/CodeIgniter.php(494): CodeIgniter\CodeIgniter->runController()
#9 /home/arrangefree.com/public_html/backend/vendor/codeigniter4/framework/system/CodeIgniter.php(353): CodeIgniter\CodeIgniter->handleRequest()
#10 /home/arrangefree.com/public_html/backend/index.php(91): CodeIgniter\CodeIgniter->run()
#11 {main}
CRITICAL - 2025-01-06 11:30:06 --> Table 'arra_arrangefree.subscription_cards' doesn't exist
in SYSTEMPATH/Database/BaseConnection.php on line 646.
 1 SYSTEMPATH/Database/BaseBuilder.php(1615): CodeIgniter\Database\BaseConnection->query()
 2 SYSTEMPATH/Model.php(264): CodeIgniter\Database\BaseBuilder->get()
 3 SYSTEMPATH/BaseModel.php(662): CodeIgniter\Model->doFirst()
 4 APPPATH/Controllers/SubscriptionCardsController.php(126): CodeIgniter\BaseModel->first()
 5 SYSTEMPATH/CodeIgniter.php(919): App\Controllers\SubscriptionCardsController->get_all_cards_byId()
 6 SYSTEMPATH/CodeIgniter.php(494): CodeIgniter\CodeIgniter->runController()
 7 SYSTEMPATH/CodeIgniter.php(353): CodeIgniter\CodeIgniter->handleRequest()
 8 FCPATH/index.php(91): CodeIgniter\CodeIgniter->run()
ERROR - 2025-01-06 12:09:48 --> mysqli_sql_exception: Table 'arra_arrangefree.subscription_cards' doesn't exist in /home/arrangefree.com/public_html/backend/vendor/codeigniter4/framework/system/Database/MySQLi/Connection.php:306
Stack trace:
#0 /home/arrangefree.com/public_html/backend/vendor/codeigniter4/framework/system/Database/MySQLi/Connection.php(306): mysqli->query()
#1 /home/arrangefree.com/public_html/backend/vendor/codeigniter4/framework/system/Database/BaseConnection.php(692): CodeIgniter\Database\MySQLi\Connection->execute()
#2 /home/arrangefree.com/public_html/backend/vendor/codeigniter4/framework/system/Database/BaseConnection.php(606): CodeIgniter\Database\BaseConnection->simpleQuery()
#3 /home/arrangefree.com/public_html/backend/vendor/codeigniter4/framework/system/Database/BaseBuilder.php(1615): CodeIgniter\Database\BaseConnection->query()
#4 /home/arrangefree.com/public_html/backend/vendor/codeigniter4/framework/system/Model.php(264): CodeIgniter\Database\BaseBuilder->get()
#5 /home/arrangefree.com/public_html/backend/vendor/codeigniter4/framework/system/BaseModel.php(662): CodeIgniter\Model->doFirst()
#6 /home/arrangefree.com/public_html/backend/app/Controllers/SubscriptionCardsController.php(126): CodeIgniter\BaseModel->first()
#7 /home/arrangefree.com/public_html/backend/vendor/codeigniter4/framework/system/CodeIgniter.php(919): App\Controllers\SubscriptionCardsController->get_all_cards_byId()
#8 /home/arrangefree.com/public_html/backend/vendor/codeigniter4/framework/system/CodeIgniter.php(494): CodeIgniter\CodeIgniter->runController()
#9 /home/arrangefree.com/public_html/backend/vendor/codeigniter4/framework/system/CodeIgniter.php(353): CodeIgniter\CodeIgniter->handleRequest()
#10 /home/arrangefree.com/public_html/backend/index.php(91): CodeIgniter\CodeIgniter->run()
#11 {main}
CRITICAL - 2025-01-06 12:09:48 --> Table 'arra_arrangefree.subscription_cards' doesn't exist
in SYSTEMPATH/Database/BaseConnection.php on line 646.
 1 SYSTEMPATH/Database/BaseBuilder.php(1615): CodeIgniter\Database\BaseConnection->query()
 2 SYSTEMPATH/Model.php(264): CodeIgniter\Database\BaseBuilder->get()
 3 SYSTEMPATH/BaseModel.php(662): CodeIgniter\Model->doFirst()
 4 APPPATH/Controllers/SubscriptionCardsController.php(126): CodeIgniter\BaseModel->first()
 5 SYSTEMPATH/CodeIgniter.php(919): App\Controllers\SubscriptionCardsController->get_all_cards_byId()
 6 SYSTEMPATH/CodeIgniter.php(494): CodeIgniter\CodeIgniter->runController()
 7 SYSTEMPATH/CodeIgniter.php(353): CodeIgniter\CodeIgniter->handleRequest()
 8 FCPATH/index.php(91): CodeIgniter\CodeIgniter->run()
ERROR - 2025-01-06 12:09:51 --> mysqli_sql_exception: Table 'arra_arrangefree.subscribed_users' doesn't exist in /home/arrangefree.com/public_html/backend/vendor/codeigniter4/framework/system/Database/MySQLi/Connection.php:306
Stack trace:
#0 /home/arrangefree.com/public_html/backend/vendor/codeigniter4/framework/system/Database/MySQLi/Connection.php(306): mysqli->query()
#1 /home/arrangefree.com/public_html/backend/vendor/codeigniter4/framework/system/Database/BaseConnection.php(692): CodeIgniter\Database\MySQLi\Connection->execute()
#2 /home/arrangefree.com/public_html/backend/vendor/codeigniter4/framework/system/Database/BaseConnection.php(606): CodeIgniter\Database\BaseConnection->simpleQuery()
#3 /home/arrangefree.com/public_html/backend/vendor/codeigniter4/framework/system/Database/BaseBuilder.php(1615): CodeIgniter\Database\BaseConnection->query()
#4 /home/arrangefree.com/public_html/backend/vendor/codeigniter4/framework/system/Model.php(264): CodeIgniter\Database\BaseBuilder->get()
#5 /home/arrangefree.com/public_html/backend/vendor/codeigniter4/framework/system/BaseModel.php(662): CodeIgniter\Model->doFirst()
#6 /home/arrangefree.com/public_html/backend/app/Controllers/CustomerController.php(417): CodeIgniter\BaseModel->first()
#7 /home/arrangefree.com/public_html/backend/vendor/codeigniter4/framework/system/CodeIgniter.php(919): App\Controllers\CustomerController->getCustomerById()
#8 /home/arrangefree.com/public_html/backend/vendor/codeigniter4/framework/system/CodeIgniter.php(494): CodeIgniter\CodeIgniter->runController()
#9 /home/arrangefree.com/public_html/backend/vendor/codeigniter4/framework/system/CodeIgniter.php(353): CodeIgniter\CodeIgniter->handleRequest()
#10 /home/arrangefree.com/public_html/backend/index.php(91): CodeIgniter\CodeIgniter->run()
#11 {main}
CRITICAL - 2025-01-06 12:09:51 --> Table 'arra_arrangefree.subscribed_users' doesn't exist
in SYSTEMPATH/Database/BaseConnection.php on line 646.
 1 SYSTEMPATH/Database/BaseBuilder.php(1615): CodeIgniter\Database\BaseConnection->query()
 2 SYSTEMPATH/Model.php(264): CodeIgniter\Database\BaseBuilder->get()
 3 SYSTEMPATH/BaseModel.php(662): CodeIgniter\Model->doFirst()
 4 APPPATH/Controllers/CustomerController.php(417): CodeIgniter\BaseModel->first()
 5 SYSTEMPATH/CodeIgniter.php(919): App\Controllers\CustomerController->getCustomerById()
 6 SYSTEMPATH/CodeIgniter.php(494): CodeIgniter\CodeIgniter->runController()
 7 SYSTEMPATH/CodeIgniter.php(353): CodeIgniter\CodeIgniter->handleRequest()
 8 FCPATH/index.php(91): CodeIgniter\CodeIgniter->run()
ERROR - 2025-01-06 12:09:54 --> mysqli_sql_exception: Table 'arra_arrangefree.subscribed_users' doesn't exist in /home/arrangefree.com/public_html/backend/vendor/codeigniter4/framework/system/Database/MySQLi/Connection.php:306
Stack trace:
#0 /home/arrangefree.com/public_html/backend/vendor/codeigniter4/framework/system/Database/MySQLi/Connection.php(306): mysqli->query()
#1 /home/arrangefree.com/public_html/backend/vendor/codeigniter4/framework/system/Database/BaseConnection.php(692): CodeIgniter\Database\MySQLi\Connection->execute()
#2 /home/arrangefree.com/public_html/backend/vendor/codeigniter4/framework/system/Database/BaseConnection.php(606): CodeIgniter\Database\BaseConnection->simpleQuery()
#3 /home/arrangefree.com/public_html/backend/vendor/codeigniter4/framework/system/Database/BaseBuilder.php(2308): CodeIgniter\Database\BaseConnection->query()
#4 /home/arrangefree.com/public_html/backend/vendor/codeigniter4/framework/system/Model.php(319): CodeIgniter\Database\BaseBuilder->insert()
#5 /home/arrangefree.com/public_html/backend/vendor/codeigniter4/framework/system/BaseModel.php(788): CodeIgniter\Model->doInsert()
#6 /home/arrangefree.com/public_html/backend/vendor/codeigniter4/framework/system/Model.php(715): CodeIgniter\BaseModel->insert()
#7 /home/arrangefree.com/public_html/backend/app/Controllers/AfSubcribedUserController.php(55): CodeIgniter\Model->insert()
#8 /home/arrangefree.com/public_html/backend/vendor/codeigniter4/framework/system/CodeIgniter.php(919): App\Controllers\AfSubcribedUserController->createMembership()
#9 /home/arrangefree.com/public_html/backend/vendor/codeigniter4/framework/system/CodeIgniter.php(494): CodeIgniter\CodeIgniter->runController()
#10 /home/arrangefree.com/public_html/backend/vendor/codeigniter4/framework/system/CodeIgniter.php(353): CodeIgniter\CodeIgniter->handleRequest()
#11 /home/arrangefree.com/public_html/backend/index.php(91): CodeIgniter\CodeIgniter->run()
#12 {main}
CRITICAL - 2025-01-06 12:09:54 --> Table 'arra_arrangefree.subscribed_users' doesn't exist
in SYSTEMPATH/Database/BaseConnection.php on line 646.
 1 SYSTEMPATH/Database/BaseBuilder.php(2308): CodeIgniter\Database\BaseConnection->query()
 2 SYSTEMPATH/Model.php(319): CodeIgniter\Database\BaseBuilder->insert()
 3 SYSTEMPATH/BaseModel.php(788): CodeIgniter\Model->doInsert()
 4 SYSTEMPATH/Model.php(715): CodeIgniter\BaseModel->insert()
 5 APPPATH/Controllers/AfSubcribedUserController.php(55): CodeIgniter\Model->insert()
 6 SYSTEMPATH/CodeIgniter.php(919): App\Controllers\AfSubcribedUserController->createMembership()
 7 SYSTEMPATH/CodeIgniter.php(494): CodeIgniter\CodeIgniter->runController()
 8 SYSTEMPATH/CodeIgniter.php(353): CodeIgniter\CodeIgniter->handleRequest()
 9 FCPATH/index.php(91): CodeIgniter\CodeIgniter->run()
ERROR - 2025-01-06 13:11:56 --> mysqli_sql_exception: Table 'arra_arrangefree.drf_quotation' doesn't exist in /home/arrangefree.com/public_html/backend/vendor/codeigniter4/framework/system/Database/MySQLi/Connection.php:306
Stack trace:
#0 /home/arrangefree.com/public_html/backend/vendor/codeigniter4/framework/system/Database/MySQLi/Connection.php(306): mysqli->query()
#1 /home/arrangefree.com/public_html/backend/vendor/codeigniter4/framework/system/Database/BaseConnection.php(692): CodeIgniter\Database\MySQLi\Connection->execute()
#2 /home/arrangefree.com/public_html/backend/vendor/codeigniter4/framework/system/Database/BaseConnection.php(606): CodeIgniter\Database\BaseConnection->simpleQuery()
#3 /home/arrangefree.com/public_html/backend/vendor/codeigniter4/framework/system/Database/BaseBuilder.php(2308): CodeIgniter\Database\BaseConnection->query()
#4 /home/arrangefree.com/public_html/backend/vendor/codeigniter4/framework/system/Model.php(319): CodeIgniter\Database\BaseBuilder->insert()
#5 /home/arrangefree.com/public_html/backend/vendor/codeigniter4/framework/system/BaseModel.php(788): CodeIgniter\Model->doInsert()
#6 /home/arrangefree.com/public_html/backend/vendor/codeigniter4/framework/system/Model.php(715): CodeIgniter\BaseModel->insert()
#7 /home/arrangefree.com/public_html/backend/app/Controllers/QuotationController.php(198): CodeIgniter\Model->insert()
#8 /home/arrangefree.com/public_html/backend/vendor/codeigniter4/framework/system/CodeIgniter.php(919): App\Controllers\QuotationController->QuotationCreate()
#9 /home/arrangefree.com/public_html/backend/vendor/codeigniter4/framework/system/CodeIgniter.php(494): CodeIgniter\CodeIgniter->runController()
#10 /home/arrangefree.com/public_html/backend/vendor/codeigniter4/framework/system/CodeIgniter.php(353): CodeIgniter\CodeIgniter->handleRequest()
#11 /home/arrangefree.com/public_html/backend/index.php(91): CodeIgniter\CodeIgniter->run()
#12 {main}
CRITICAL - 2025-01-06 13:11:56 --> Table 'arra_arrangefree.drf_quotation' doesn't exist
in SYSTEMPATH/Database/BaseConnection.php on line 646.
 1 SYSTEMPATH/Database/BaseBuilder.php(2308): CodeIgniter\Database\BaseConnection->query()
 2 SYSTEMPATH/Model.php(319): CodeIgniter\Database\BaseBuilder->insert()
 3 SYSTEMPATH/BaseModel.php(788): CodeIgniter\Model->doInsert()
 4 SYSTEMPATH/Model.php(715): CodeIgniter\BaseModel->insert()
 5 APPPATH/Controllers/QuotationController.php(198): CodeIgniter\Model->insert()
 6 SYSTEMPATH/CodeIgniter.php(919): App\Controllers\QuotationController->QuotationCreate()
 7 SYSTEMPATH/CodeIgniter.php(494): CodeIgniter\CodeIgniter->runController()
 8 SYSTEMPATH/CodeIgniter.php(353): CodeIgniter\CodeIgniter->handleRequest()
 9 FCPATH/index.php(91): CodeIgniter\CodeIgniter->run()
ERROR - 2025-01-06 13:11:57 --> mysqli_sql_exception: Table 'arra_arrangefree.drf_quotation' doesn't exist in /home/arrangefree.com/public_html/backend/vendor/codeigniter4/framework/system/Database/MySQLi/Connection.php:306
Stack trace:
#0 /home/arrangefree.com/public_html/backend/vendor/codeigniter4/framework/system/Database/MySQLi/Connection.php(306): mysqli->query()
#1 /home/arrangefree.com/public_html/backend/vendor/codeigniter4/framework/system/Database/BaseConnection.php(692): CodeIgniter\Database\MySQLi\Connection->execute()
#2 /home/arrangefree.com/public_html/backend/vendor/codeigniter4/framework/system/Database/BaseConnection.php(606): CodeIgniter\Database\BaseConnection->simpleQuery()
#3 /home/arrangefree.com/public_html/backend/vendor/codeigniter4/framework/system/Database/BaseBuilder.php(2308): CodeIgniter\Database\BaseConnection->query()
#4 /home/arrangefree.com/public_html/backend/vendor/codeigniter4/framework/system/Model.php(319): CodeIgniter\Database\BaseBuilder->insert()
#5 /home/arrangefree.com/public_html/backend/vendor/codeigniter4/framework/system/BaseModel.php(788): CodeIgniter\Model->doInsert()
#6 /home/arrangefree.com/public_html/backend/vendor/codeigniter4/framework/system/Model.php(715): CodeIgniter\BaseModel->insert()
#7 /home/arrangefree.com/public_html/backend/app/Controllers/QuotationController.php(198): CodeIgniter\Model->insert()
#8 /home/arrangefree.com/public_html/backend/vendor/codeigniter4/framework/system/CodeIgniter.php(919): App\Controllers\QuotationController->QuotationCreate()
#9 /home/arrangefree.com/public_html/backend/vendor/codeigniter4/framework/system/CodeIgniter.php(494): CodeIgniter\CodeIgniter->runController()
#10 /home/arrangefree.com/public_html/backend/vendor/codeigniter4/framework/system/CodeIgniter.php(353): CodeIgniter\CodeIgniter->handleRequest()
#11 /home/arrangefree.com/public_html/backend/index.php(91): CodeIgniter\CodeIgniter->run()
#12 {main}
CRITICAL - 2025-01-06 13:11:57 --> Table 'arra_arrangefree.drf_quotation' doesn't exist
in SYSTEMPATH/Database/BaseConnection.php on line 646.
 1 SYSTEMPATH/Database/BaseBuilder.php(2308): CodeIgniter\Database\BaseConnection->query()
 2 SYSTEMPATH/Model.php(319): CodeIgniter\Database\BaseBuilder->insert()
 3 SYSTEMPATH/BaseModel.php(788): CodeIgniter\Model->doInsert()
 4 SYSTEMPATH/Model.php(715): CodeIgniter\BaseModel->insert()
 5 APPPATH/Controllers/QuotationController.php(198): CodeIgniter\Model->insert()
 6 SYSTEMPATH/CodeIgniter.php(919): App\Controllers\QuotationController->QuotationCreate()
 7 SYSTEMPATH/CodeIgniter.php(494): CodeIgniter\CodeIgniter->runController()
 8 SYSTEMPATH/CodeIgniter.php(353): CodeIgniter\CodeIgniter->handleRequest()
 9 FCPATH/index.php(91): CodeIgniter\CodeIgniter->run()
ERROR - 2025-01-06 13:12:03 --> mysqli_sql_exception: Table 'arra_arrangefree.drf_quotation' doesn't exist in /home/arrangefree.com/public_html/backend/vendor/codeigniter4/framework/system/Database/MySQLi/Connection.php:306
Stack trace:
#0 /home/arrangefree.com/public_html/backend/vendor/codeigniter4/framework/system/Database/MySQLi/Connection.php(306): mysqli->query()
#1 /home/arrangefree.com/public_html/backend/vendor/codeigniter4/framework/system/Database/BaseConnection.php(692): CodeIgniter\Database\MySQLi\Connection->execute()
#2 /home/arrangefree.com/public_html/backend/vendor/codeigniter4/framework/system/Database/BaseConnection.php(606): CodeIgniter\Database\BaseConnection->simpleQuery()
#3 /home/arrangefree.com/public_html/backend/vendor/codeigniter4/framework/system/Database/BaseBuilder.php(2308): CodeIgniter\Database\BaseConnection->query()
#4 /home/arrangefree.com/public_html/backend/vendor/codeigniter4/framework/system/Model.php(319): CodeIgniter\Database\BaseBuilder->insert()
#5 /home/arrangefree.com/public_html/backend/vendor/codeigniter4/framework/system/BaseModel.php(788): CodeIgniter\Model->doInsert()
#6 /home/arrangefree.com/public_html/backend/vendor/codeigniter4/framework/system/Model.php(715): CodeIgniter\BaseModel->insert()
#7 /home/arrangefree.com/public_html/backend/app/Controllers/QuotationController.php(198): CodeIgniter\Model->insert()
#8 /home/arrangefree.com/public_html/backend/vendor/codeigniter4/framework/system/CodeIgniter.php(919): App\Controllers\QuotationController->QuotationCreate()
#9 /home/arrangefree.com/public_html/backend/vendor/codeigniter4/framework/system/CodeIgniter.php(494): CodeIgniter\CodeIgniter->runController()
#10 /home/arrangefree.com/public_html/backend/vendor/codeigniter4/framework/system/CodeIgniter.php(353): CodeIgniter\CodeIgniter->handleRequest()
#11 /home/arrangefree.com/public_html/backend/index.php(91): CodeIgniter\CodeIgniter->run()
#12 {main}
CRITICAL - 2025-01-06 13:12:03 --> Table 'arra_arrangefree.drf_quotation' doesn't exist
in SYSTEMPATH/Database/BaseConnection.php on line 646.
 1 SYSTEMPATH/Database/BaseBuilder.php(2308): CodeIgniter\Database\BaseConnection->query()
 2 SYSTEMPATH/Model.php(319): CodeIgniter\Database\BaseBuilder->insert()
 3 SYSTEMPATH/BaseModel.php(788): CodeIgniter\Model->doInsert()
 4 SYSTEMPATH/Model.php(715): CodeIgniter\BaseModel->insert()
 5 APPPATH/Controllers/QuotationController.php(198): CodeIgniter\Model->insert()
 6 SYSTEMPATH/CodeIgniter.php(919): App\Controllers\QuotationController->QuotationCreate()
 7 SYSTEMPATH/CodeIgniter.php(494): CodeIgniter\CodeIgniter->runController()
 8 SYSTEMPATH/CodeIgniter.php(353): CodeIgniter\CodeIgniter->handleRequest()
 9 FCPATH/index.php(91): CodeIgniter\CodeIgniter->run()
ERROR - 2025-01-06 13:12:04 --> mysqli_sql_exception: Table 'arra_arrangefree.drf_quotation' doesn't exist in /home/arrangefree.com/public_html/backend/vendor/codeigniter4/framework/system/Database/MySQLi/Connection.php:306
Stack trace:
#0 /home/arrangefree.com/public_html/backend/vendor/codeigniter4/framework/system/Database/MySQLi/Connection.php(306): mysqli->query()
#1 /home/arrangefree.com/public_html/backend/vendor/codeigniter4/framework/system/Database/BaseConnection.php(692): CodeIgniter\Database\MySQLi\Connection->execute()
#2 /home/arrangefree.com/public_html/backend/vendor/codeigniter4/framework/system/Database/BaseConnection.php(606): CodeIgniter\Database\BaseConnection->simpleQuery()
#3 /home/arrangefree.com/public_html/backend/vendor/codeigniter4/framework/system/Database/BaseBuilder.php(1615): CodeIgniter\Database\BaseConnection->query()
#4 /home/arrangefree.com/public_html/backend/vendor/codeigniter4/framework/system/Model.php(237): CodeIgniter\Database\BaseBuilder->get()
#5 /home/arrangefree.com/public_html/backend/vendor/codeigniter4/framework/system/BaseModel.php(624): CodeIgniter\Model->doFindAll()
#6 /home/arrangefree.com/public_html/backend/app/Controllers/QuotationController.php(215): CodeIgniter\BaseModel->findAll()
#7 /home/arrangefree.com/public_html/backend/vendor/codeigniter4/framework/system/CodeIgniter.php(919): App\Controllers\QuotationController->GetAllQuotation()
#8 /home/arrangefree.com/public_html/backend/vendor/codeigniter4/framework/system/CodeIgniter.php(494): CodeIgniter\CodeIgniter->runController()
#9 /home/arrangefree.com/public_html/backend/vendor/codeigniter4/framework/system/CodeIgniter.php(353): CodeIgniter\CodeIgniter->handleRequest()
#10 /home/arrangefree.com/public_html/backend/index.php(91): CodeIgniter\CodeIgniter->run()
#11 {main}
CRITICAL - 2025-01-06 13:12:04 --> Table 'arra_arrangefree.drf_quotation' doesn't exist
in SYSTEMPATH/Database/BaseConnection.php on line 646.
 1 SYSTEMPATH/Database/BaseBuilder.php(1615): CodeIgniter\Database\BaseConnection->query()
 2 SYSTEMPATH/Model.php(237): CodeIgniter\Database\BaseBuilder->get()
 3 SYSTEMPATH/BaseModel.php(624): CodeIgniter\Model->doFindAll()
 4 APPPATH/Controllers/QuotationController.php(215): CodeIgniter\BaseModel->findAll()
 5 SYSTEMPATH/CodeIgniter.php(919): App\Controllers\QuotationController->GetAllQuotation()
 6 SYSTEMPATH/CodeIgniter.php(494): CodeIgniter\CodeIgniter->runController()
 7 SYSTEMPATH/CodeIgniter.php(353): CodeIgniter\CodeIgniter->handleRequest()
 8 FCPATH/index.php(91): CodeIgniter\CodeIgniter->run()
ERROR - 2025-01-06 14:52:40 --> mysqli_sql_exception: Table 'arra_arrangefree.subscribed_users' doesn't exist in /home/arrangefree.com/public_html/backend/vendor/codeigniter4/framework/system/Database/MySQLi/Connection.php:306
Stack trace:
#0 /home/arrangefree.com/public_html/backend/vendor/codeigniter4/framework/system/Database/MySQLi/Connection.php(306): mysqli->query()
#1 /home/arrangefree.com/public_html/backend/vendor/codeigniter4/framework/system/Database/BaseConnection.php(692): CodeIgniter\Database\MySQLi\Connection->execute()
#2 /home/arrangefree.com/public_html/backend/vendor/codeigniter4/framework/system/Database/BaseConnection.php(606): CodeIgniter\Database\BaseConnection->simpleQuery()
#3 /home/arrangefree.com/public_html/backend/vendor/codeigniter4/framework/system/Database/BaseBuilder.php(1615): CodeIgniter\Database\BaseConnection->query()
#4 /home/arrangefree.com/public_html/backend/vendor/codeigniter4/framework/system/Model.php(264): CodeIgniter\Database\BaseBuilder->get()
#5 /home/arrangefree.com/public_html/backend/vendor/codeigniter4/framework/system/BaseModel.php(662): CodeIgniter\Model->doFirst()
#6 /home/arrangefree.com/public_html/backend/app/Controllers/CustomerController.php(417): CodeIgniter\BaseModel->first()
#7 /home/arrangefree.com/public_html/backend/vendor/codeigniter4/framework/system/CodeIgniter.php(919): App\Controllers\CustomerController->getCustomerById()
#8 /home/arrangefree.com/public_html/backend/vendor/codeigniter4/framework/system/CodeIgniter.php(494): CodeIgniter\CodeIgniter->runController()
#9 /home/arrangefree.com/public_html/backend/vendor/codeigniter4/framework/system/CodeIgniter.php(353): CodeIgniter\CodeIgniter->handleRequest()
#10 /home/arrangefree.com/public_html/backend/index.php(91): CodeIgniter\CodeIgniter->run()
#11 {main}
ERROR - 2025-01-06 14:52:40 --> mysqli_sql_exception: Table 'arra_arrangefree.subscribed_users' doesn't exist in /home/arrangefree.com/public_html/backend/vendor/codeigniter4/framework/system/Database/MySQLi/Connection.php:306
Stack trace:
#0 /home/arrangefree.com/public_html/backend/vendor/codeigniter4/framework/system/Database/MySQLi/Connection.php(306): mysqli->query()
#1 /home/arrangefree.com/public_html/backend/vendor/codeigniter4/framework/system/Database/BaseConnection.php(692): CodeIgniter\Database\MySQLi\Connection->execute()
#2 /home/arrangefree.com/public_html/backend/vendor/codeigniter4/framework/system/Database/BaseConnection.php(606): CodeIgniter\Database\BaseConnection->simpleQuery()
#3 /home/arrangefree.com/public_html/backend/vendor/codeigniter4/framework/system/Database/BaseBuilder.php(1615): CodeIgniter\Database\BaseConnection->query()
#4 /home/arrangefree.com/public_html/backend/vendor/codeigniter4/framework/system/Model.php(264): CodeIgniter\Database\BaseBuilder->get()
#5 /home/arrangefree.com/public_html/backend/vendor/codeigniter4/framework/system/BaseModel.php(662): CodeIgniter\Model->doFirst()
#6 /home/arrangefree.com/public_html/backend/app/Controllers/CustomerController.php(417): CodeIgniter\BaseModel->first()
#7 /home/arrangefree.com/public_html/backend/vendor/codeigniter4/framework/system/CodeIgniter.php(919): App\Controllers\CustomerController->getCustomerById()
#8 /home/arrangefree.com/public_html/backend/vendor/codeigniter4/framework/system/CodeIgniter.php(494): CodeIgniter\CodeIgniter->runController()
#9 /home/arrangefree.com/public_html/backend/vendor/codeigniter4/framework/system/CodeIgniter.php(353): CodeIgniter\CodeIgniter->handleRequest()
#10 /home/arrangefree.com/public_html/backend/index.php(91): CodeIgniter\CodeIgniter->run()
#11 {main}
CRITICAL - 2025-01-06 14:52:40 --> Table 'arra_arrangefree.subscribed_users' doesn't exist
in SYSTEMPATH/Database/BaseConnection.php on line 646.
 1 SYSTEMPATH/Database/BaseBuilder.php(1615): CodeIgniter\Database\BaseConnection->query()
 2 SYSTEMPATH/Model.php(264): CodeIgniter\Database\BaseBuilder->get()
 3 SYSTEMPATH/BaseModel.php(662): CodeIgniter\Model->doFirst()
 4 APPPATH/Controllers/CustomerController.php(417): CodeIgniter\BaseModel->first()
 5 SYSTEMPATH/CodeIgniter.php(919): App\Controllers\CustomerController->getCustomerById()
 6 SYSTEMPATH/CodeIgniter.php(494): CodeIgniter\CodeIgniter->runController()
 7 SYSTEMPATH/CodeIgniter.php(353): CodeIgniter\CodeIgniter->handleRequest()
 8 FCPATH/index.php(91): CodeIgniter\CodeIgniter->run()
CRITICAL - 2025-01-06 14:52:40 --> Table 'arra_arrangefree.subscribed_users' doesn't exist
in SYSTEMPATH/Database/BaseConnection.php on line 646.
 1 SYSTEMPATH/Database/BaseBuilder.php(1615): CodeIgniter\Database\BaseConnection->query()
 2 SYSTEMPATH/Model.php(264): CodeIgniter\Database\BaseBuilder->get()
 3 SYSTEMPATH/BaseModel.php(662): CodeIgniter\Model->doFirst()
 4 APPPATH/Controllers/CustomerController.php(417): CodeIgniter\BaseModel->first()
 5 SYSTEMPATH/CodeIgniter.php(919): App\Controllers\CustomerController->getCustomerById()
 6 SYSTEMPATH/CodeIgniter.php(494): CodeIgniter\CodeIgniter->runController()
 7 SYSTEMPATH/CodeIgniter.php(353): CodeIgniter\CodeIgniter->handleRequest()
 8 FCPATH/index.php(91): CodeIgniter\CodeIgniter->run()
ERROR - 2025-01-06 14:52:45 --> mysqli_sql_exception: Table 'arra_arrangefree.subscribed_users' doesn't exist in /home/arrangefree.com/public_html/backend/vendor/codeigniter4/framework/system/Database/MySQLi/Connection.php:306
Stack trace:
#0 /home/arrangefree.com/public_html/backend/vendor/codeigniter4/framework/system/Database/MySQLi/Connection.php(306): mysqli->query()
#1 /home/arrangefree.com/public_html/backend/vendor/codeigniter4/framework/system/Database/BaseConnection.php(692): CodeIgniter\Database\MySQLi\Connection->execute()
#2 /home/arrangefree.com/public_html/backend/vendor/codeigniter4/framework/system/Database/BaseConnection.php(606): CodeIgniter\Database\BaseConnection->simpleQuery()
#3 /home/arrangefree.com/public_html/backend/vendor/codeigniter4/framework/system/Database/BaseBuilder.php(1615): CodeIgniter\Database\BaseConnection->query()
#4 /home/arrangefree.com/public_html/backend/vendor/codeigniter4/framework/system/Model.php(264): CodeIgniter\Database\BaseBuilder->get()
#5 /home/arrangefree.com/public_html/backend/vendor/codeigniter4/framework/system/BaseModel.php(662): CodeIgniter\Model->doFirst()
#6 /home/arrangefree.com/public_html/backend/app/Controllers/CustomerController.php(417): CodeIgniter\BaseModel->first()
#7 /home/arrangefree.com/public_html/backend/vendor/codeigniter4/framework/system/CodeIgniter.php(919): App\Controllers\CustomerController->getCustomerById()
#8 /home/arrangefree.com/public_html/backend/vendor/codeigniter4/framework/system/CodeIgniter.php(494): CodeIgniter\CodeIgniter->runController()
#9 /home/arrangefree.com/public_html/backend/vendor/codeigniter4/framework/system/CodeIgniter.php(353): CodeIgniter\CodeIgniter->handleRequest()
#10 /home/arrangefree.com/public_html/backend/index.php(91): CodeIgniter\CodeIgniter->run()
#11 {main}
CRITICAL - 2025-01-06 14:52:45 --> Table 'arra_arrangefree.subscribed_users' doesn't exist
in SYSTEMPATH/Database/BaseConnection.php on line 646.
 1 SYSTEMPATH/Database/BaseBuilder.php(1615): CodeIgniter\Database\BaseConnection->query()
 2 SYSTEMPATH/Model.php(264): CodeIgniter\Database\BaseBuilder->get()
 3 SYSTEMPATH/BaseModel.php(662): CodeIgniter\Model->doFirst()
 4 APPPATH/Controllers/CustomerController.php(417): CodeIgniter\BaseModel->first()
 5 SYSTEMPATH/CodeIgniter.php(919): App\Controllers\CustomerController->getCustomerById()
 6 SYSTEMPATH/CodeIgniter.php(494): CodeIgniter\CodeIgniter->runController()
 7 SYSTEMPATH/CodeIgniter.php(353): CodeIgniter\CodeIgniter->handleRequest()
 8 FCPATH/index.php(91): CodeIgniter\CodeIgniter->run()
ERROR - 2025-01-06 14:52:52 --> mysqli_sql_exception: Table 'arra_arrangefree.subscription_cards' doesn't exist in /home/arrangefree.com/public_html/backend/vendor/codeigniter4/framework/system/Database/MySQLi/Connection.php:306
Stack trace:
#0 /home/arrangefree.com/public_html/backend/vendor/codeigniter4/framework/system/Database/MySQLi/Connection.php(306): mysqli->query()
#1 /home/arrangefree.com/public_html/backend/vendor/codeigniter4/framework/system/Database/BaseConnection.php(692): CodeIgniter\Database\MySQLi\Connection->execute()
#2 /home/arrangefree.com/public_html/backend/vendor/codeigniter4/framework/system/Database/BaseConnection.php(606): CodeIgniter\Database\BaseConnection->simpleQuery()
#3 /home/arrangefree.com/public_html/backend/vendor/codeigniter4/framework/system/Database/BaseBuilder.php(1615): CodeIgniter\Database\BaseConnection->query()
#4 /home/arrangefree.com/public_html/backend/vendor/codeigniter4/framework/system/Model.php(264): CodeIgniter\Database\BaseBuilder->get()
#5 /home/arrangefree.com/public_html/backend/vendor/codeigniter4/framework/system/BaseModel.php(662): CodeIgniter\Model->doFirst()
#6 /home/arrangefree.com/public_html/backend/app/Controllers/SubscriptionCardsController.php(126): CodeIgniter\BaseModel->first()
#7 /home/arrangefree.com/public_html/backend/vendor/codeigniter4/framework/system/CodeIgniter.php(919): App\Controllers\SubscriptionCardsController->get_all_cards_byId()
#8 /home/arrangefree.com/public_html/backend/vendor/codeigniter4/framework/system/CodeIgniter.php(494): CodeIgniter\CodeIgniter->runController()
#9 /home/arrangefree.com/public_html/backend/vendor/codeigniter4/framework/system/CodeIgniter.php(353): CodeIgniter\CodeIgniter->handleRequest()
#10 /home/arrangefree.com/public_html/backend/index.php(91): CodeIgniter\CodeIgniter->run()
#11 {main}
CRITICAL - 2025-01-06 14:52:52 --> Table 'arra_arrangefree.subscription_cards' doesn't exist
in SYSTEMPATH/Database/BaseConnection.php on line 646.
 1 SYSTEMPATH/Database/BaseBuilder.php(1615): CodeIgniter\Database\BaseConnection->query()
 2 SYSTEMPATH/Model.php(264): CodeIgniter\Database\BaseBuilder->get()
 3 SYSTEMPATH/BaseModel.php(662): CodeIgniter\Model->doFirst()
 4 APPPATH/Controllers/SubscriptionCardsController.php(126): CodeIgniter\BaseModel->first()
 5 SYSTEMPATH/CodeIgniter.php(919): App\Controllers\SubscriptionCardsController->get_all_cards_byId()
 6 SYSTEMPATH/CodeIgniter.php(494): CodeIgniter\CodeIgniter->runController()
 7 SYSTEMPATH/CodeIgniter.php(353): CodeIgniter\CodeIgniter->handleRequest()
 8 FCPATH/index.php(91): CodeIgniter\CodeIgniter->run()
ERROR - 2025-01-06 14:52:52 --> mysqli_sql_exception: Table 'arra_arrangefree.subscribed_users' doesn't exist in /home/arrangefree.com/public_html/backend/vendor/codeigniter4/framework/system/Database/MySQLi/Connection.php:306
Stack trace:
#0 /home/arrangefree.com/public_html/backend/vendor/codeigniter4/framework/system/Database/MySQLi/Connection.php(306): mysqli->query()
#1 /home/arrangefree.com/public_html/backend/vendor/codeigniter4/framework/system/Database/BaseConnection.php(692): CodeIgniter\Database\MySQLi\Connection->execute()
#2 /home/arrangefree.com/public_html/backend/vendor/codeigniter4/framework/system/Database/BaseConnection.php(606): CodeIgniter\Database\BaseConnection->simpleQuery()
#3 /home/arrangefree.com/public_html/backend/vendor/codeigniter4/framework/system/Database/BaseBuilder.php(1615): CodeIgniter\Database\BaseConnection->query()
#4 /home/arrangefree.com/public_html/backend/vendor/codeigniter4/framework/system/Model.php(264): CodeIgniter\Database\BaseBuilder->get()
#5 /home/arrangefree.com/public_html/backend/vendor/codeigniter4/framework/system/BaseModel.php(662): CodeIgniter\Model->doFirst()
#6 /home/arrangefree.com/public_html/backend/app/Controllers/CustomerController.php(417): CodeIgniter\BaseModel->first()
#7 /home/arrangefree.com/public_html/backend/vendor/codeigniter4/framework/system/CodeIgniter.php(919): App\Controllers\CustomerController->getCustomerById()
#8 /home/arrangefree.com/public_html/backend/vendor/codeigniter4/framework/system/CodeIgniter.php(494): CodeIgniter\CodeIgniter->runController()
#9 /home/arrangefree.com/public_html/backend/vendor/codeigniter4/framework/system/CodeIgniter.php(353): CodeIgniter\CodeIgniter->handleRequest()
#10 /home/arrangefree.com/public_html/backend/index.php(91): CodeIgniter\CodeIgniter->run()
#11 {main}
CRITICAL - 2025-01-06 14:52:52 --> Table 'arra_arrangefree.subscribed_users' doesn't exist
in SYSTEMPATH/Database/BaseConnection.php on line 646.
 1 SYSTEMPATH/Database/BaseBuilder.php(1615): CodeIgniter\Database\BaseConnection->query()
 2 SYSTEMPATH/Model.php(264): CodeIgniter\Database\BaseBuilder->get()
 3 SYSTEMPATH/BaseModel.php(662): CodeIgniter\Model->doFirst()
 4 APPPATH/Controllers/CustomerController.php(417): CodeIgniter\BaseModel->first()
 5 SYSTEMPATH/CodeIgniter.php(919): App\Controllers\CustomerController->getCustomerById()
 6 SYSTEMPATH/CodeIgniter.php(494): CodeIgniter\CodeIgniter->runController()
 7 SYSTEMPATH/CodeIgniter.php(353): CodeIgniter\CodeIgniter->handleRequest()
 8 FCPATH/index.php(91): CodeIgniter\CodeIgniter->run()
ERROR - 2025-01-06 14:52:52 --> mysqli_sql_exception: Table 'arra_arrangefree.subscribed_users' doesn't exist in /home/arrangefree.com/public_html/backend/vendor/codeigniter4/framework/system/Database/MySQLi/Connection.php:306
Stack trace:
#0 /home/arrangefree.com/public_html/backend/vendor/codeigniter4/framework/system/Database/MySQLi/Connection.php(306): mysqli->query()
#1 /home/arrangefree.com/public_html/backend/vendor/codeigniter4/framework/system/Database/BaseConnection.php(692): CodeIgniter\Database\MySQLi\Connection->execute()
#2 /home/arrangefree.com/public_html/backend/vendor/codeigniter4/framework/system/Database/BaseConnection.php(606): CodeIgniter\Database\BaseConnection->simpleQuery()
#3 /home/arrangefree.com/public_html/backend/vendor/codeigniter4/framework/system/Database/BaseBuilder.php(1615): CodeIgniter\Database\BaseConnection->query()
#4 /home/arrangefree.com/public_html/backend/vendor/codeigniter4/framework/system/Model.php(264): CodeIgniter\Database\BaseBuilder->get()
#5 /home/arrangefree.com/public_html/backend/vendor/codeigniter4/framework/system/BaseModel.php(662): CodeIgniter\Model->doFirst()
#6 /home/arrangefree.com/public_html/backend/app/Controllers/CustomerController.php(417): CodeIgniter\BaseModel->first()
#7 /home/arrangefree.com/public_html/backend/vendor/codeigniter4/framework/system/CodeIgniter.php(919): App\Controllers\CustomerController->getCustomerById()
#8 /home/arrangefree.com/public_html/backend/vendor/codeigniter4/framework/system/CodeIgniter.php(494): CodeIgniter\CodeIgniter->runController()
#9 /home/arrangefree.com/public_html/backend/vendor/codeigniter4/framework/system/CodeIgniter.php(353): CodeIgniter\CodeIgniter->handleRequest()
#10 /home/arrangefree.com/public_html/backend/index.php(91): CodeIgniter\CodeIgniter->run()
#11 {main}
CRITICAL - 2025-01-06 14:52:52 --> Table 'arra_arrangefree.subscribed_users' doesn't exist
in SYSTEMPATH/Database/BaseConnection.php on line 646.
 1 SYSTEMPATH/Database/BaseBuilder.php(1615): CodeIgniter\Database\BaseConnection->query()
 2 SYSTEMPATH/Model.php(264): CodeIgniter\Database\BaseBuilder->get()
 3 SYSTEMPATH/BaseModel.php(662): CodeIgniter\Model->doFirst()
 4 APPPATH/Controllers/CustomerController.php(417): CodeIgniter\BaseModel->first()
 5 SYSTEMPATH/CodeIgniter.php(919): App\Controllers\CustomerController->getCustomerById()
 6 SYSTEMPATH/CodeIgniter.php(494): CodeIgniter\CodeIgniter->runController()
 7 SYSTEMPATH/CodeIgniter.php(353): CodeIgniter\CodeIgniter->handleRequest()
 8 FCPATH/index.php(91): CodeIgniter\CodeIgniter->run()
ERROR - 2025-01-06 14:52:54 --> mysqli_sql_exception: Table 'arra_arrangefree.subscribed_users' doesn't exist in /home/arrangefree.com/public_html/backend/vendor/codeigniter4/framework/system/Database/MySQLi/Connection.php:306
Stack trace:
#0 /home/arrangefree.com/public_html/backend/vendor/codeigniter4/framework/system/Database/MySQLi/Connection.php(306): mysqli->query()
#1 /home/arrangefree.com/public_html/backend/vendor/codeigniter4/framework/system/Database/BaseConnection.php(692): CodeIgniter\Database\MySQLi\Connection->execute()
#2 /home/arrangefree.com/public_html/backend/vendor/codeigniter4/framework/system/Database/BaseConnection.php(606): CodeIgniter\Database\BaseConnection->simpleQuery()
#3 /home/arrangefree.com/public_html/backend/vendor/codeigniter4/framework/system/Database/BaseBuilder.php(1615): CodeIgniter\Database\BaseConnection->query()
#4 /home/arrangefree.com/public_html/backend/vendor/codeigniter4/framework/system/Model.php(264): CodeIgniter\Database\BaseBuilder->get()
#5 /home/arrangefree.com/public_html/backend/vendor/codeigniter4/framework/system/BaseModel.php(662): CodeIgniter\Model->doFirst()
#6 /home/arrangefree.com/public_html/backend/app/Controllers/CustomerController.php(417): CodeIgniter\BaseModel->first()
#7 /home/arrangefree.com/public_html/backend/vendor/codeigniter4/framework/system/CodeIgniter.php(919): App\Controllers\CustomerController->getCustomerById()
#8 /home/arrangefree.com/public_html/backend/vendor/codeigniter4/framework/system/CodeIgniter.php(494): CodeIgniter\CodeIgniter->runController()
#9 /home/arrangefree.com/public_html/backend/vendor/codeigniter4/framework/system/CodeIgniter.php(353): CodeIgniter\CodeIgniter->handleRequest()
#10 /home/arrangefree.com/public_html/backend/index.php(91): CodeIgniter\CodeIgniter->run()
#11 {main}
CRITICAL - 2025-01-06 14:52:54 --> Table 'arra_arrangefree.subscribed_users' doesn't exist
in SYSTEMPATH/Database/BaseConnection.php on line 646.
 1 SYSTEMPATH/Database/BaseBuilder.php(1615): CodeIgniter\Database\BaseConnection->query()
 2 SYSTEMPATH/Model.php(264): CodeIgniter\Database\BaseBuilder->get()
 3 SYSTEMPATH/BaseModel.php(662): CodeIgniter\Model->doFirst()
 4 APPPATH/Controllers/CustomerController.php(417): CodeIgniter\BaseModel->first()
 5 SYSTEMPATH/CodeIgniter.php(919): App\Controllers\CustomerController->getCustomerById()
 6 SYSTEMPATH/CodeIgniter.php(494): CodeIgniter\CodeIgniter->runController()
 7 SYSTEMPATH/CodeIgniter.php(353): CodeIgniter\CodeIgniter->handleRequest()
 8 FCPATH/index.php(91): CodeIgniter\CodeIgniter->run()
ERROR - 2025-01-06 14:53:28 --> mysqli_sql_exception: Table 'arra_arrangefree.drf_quotation' doesn't exist in /home/arrangefree.com/public_html/backend/vendor/codeigniter4/framework/system/Database/MySQLi/Connection.php:306
Stack trace:
#0 /home/arrangefree.com/public_html/backend/vendor/codeigniter4/framework/system/Database/MySQLi/Connection.php(306): mysqli->query()
#1 /home/arrangefree.com/public_html/backend/vendor/codeigniter4/framework/system/Database/BaseConnection.php(692): CodeIgniter\Database\MySQLi\Connection->execute()
#2 /home/arrangefree.com/public_html/backend/vendor/codeigniter4/framework/system/Database/BaseConnection.php(606): CodeIgniter\Database\BaseConnection->simpleQuery()
#3 /home/arrangefree.com/public_html/backend/vendor/codeigniter4/framework/system/Database/BaseBuilder.php(1615): CodeIgniter\Database\BaseConnection->query()
#4 /home/arrangefree.com/public_html/backend/vendor/codeigniter4/framework/system/Model.php(237): CodeIgniter\Database\BaseBuilder->get()
#5 /home/arrangefree.com/public_html/backend/vendor/codeigniter4/framework/system/BaseModel.php(624): CodeIgniter\Model->doFindAll()
#6 /home/arrangefree.com/public_html/backend/app/Controllers/QuotationController.php(215): CodeIgniter\BaseModel->findAll()
#7 /home/arrangefree.com/public_html/backend/vendor/codeigniter4/framework/system/CodeIgniter.php(919): App\Controllers\QuotationController->GetAllQuotation()
#8 /home/arrangefree.com/public_html/backend/vendor/codeigniter4/framework/system/CodeIgniter.php(494): CodeIgniter\CodeIgniter->runController()
#9 /home/arrangefree.com/public_html/backend/vendor/codeigniter4/framework/system/CodeIgniter.php(353): CodeIgniter\CodeIgniter->handleRequest()
#10 /home/arrangefree.com/public_html/backend/index.php(91): CodeIgniter\CodeIgniter->run()
#11 {main}
CRITICAL - 2025-01-06 14:53:28 --> Table 'arra_arrangefree.drf_quotation' doesn't exist
in SYSTEMPATH/Database/BaseConnection.php on line 646.
 1 SYSTEMPATH/Database/BaseBuilder.php(1615): CodeIgniter\Database\BaseConnection->query()
 2 SYSTEMPATH/Model.php(237): CodeIgniter\Database\BaseBuilder->get()
 3 SYSTEMPATH/BaseModel.php(624): CodeIgniter\Model->doFindAll()
 4 APPPATH/Controllers/QuotationController.php(215): CodeIgniter\BaseModel->findAll()
 5 SYSTEMPATH/CodeIgniter.php(919): App\Controllers\QuotationController->GetAllQuotation()
 6 SYSTEMPATH/CodeIgniter.php(494): CodeIgniter\CodeIgniter->runController()
 7 SYSTEMPATH/CodeIgniter.php(353): CodeIgniter\CodeIgniter->handleRequest()
 8 FCPATH/index.php(91): CodeIgniter\CodeIgniter->run()
ERROR - 2025-01-06 14:54:11 --> mysqli_sql_exception: Table 'arra_arrangefree.drf_quotation' doesn't exist in /home/arrangefree.com/public_html/backend/vendor/codeigniter4/framework/system/Database/MySQLi/Connection.php:306
Stack trace:
#0 /home/arrangefree.com/public_html/backend/vendor/codeigniter4/framework/system/Database/MySQLi/Connection.php(306): mysqli->query()
#1 /home/arrangefree.com/public_html/backend/vendor/codeigniter4/framework/system/Database/BaseConnection.php(692): CodeIgniter\Database\MySQLi\Connection->execute()
#2 /home/arrangefree.com/public_html/backend/vendor/codeigniter4/framework/system/Database/BaseConnection.php(606): CodeIgniter\Database\BaseConnection->simpleQuery()
#3 /home/arrangefree.com/public_html/backend/vendor/codeigniter4/framework/system/Database/BaseBuilder.php(1615): CodeIgniter\Database\BaseConnection->query()
#4 /home/arrangefree.com/public_html/backend/vendor/codeigniter4/framework/system/Model.php(237): CodeIgniter\Database\BaseBuilder->get()
#5 /home/arrangefree.com/public_html/backend/vendor/codeigniter4/framework/system/BaseModel.php(624): CodeIgniter\Model->doFindAll()
#6 /home/arrangefree.com/public_html/backend/app/Controllers/QuotationController.php(215): CodeIgniter\BaseModel->findAll()
#7 /home/arrangefree.com/public_html/backend/vendor/codeigniter4/framework/system/CodeIgniter.php(919): App\Controllers\QuotationController->GetAllQuotation()
#8 /home/arrangefree.com/public_html/backend/vendor/codeigniter4/framework/system/CodeIgniter.php(494): CodeIgniter\CodeIgniter->runController()
#9 /home/arrangefree.com/public_html/backend/vendor/codeigniter4/framework/system/CodeIgniter.php(353): CodeIgniter\CodeIgniter->handleRequest()
#10 /home/arrangefree.com/public_html/backend/index.php(91): CodeIgniter\CodeIgniter->run()
#11 {main}
CRITICAL - 2025-01-06 14:54:11 --> Table 'arra_arrangefree.drf_quotation' doesn't exist
in SYSTEMPATH/Database/BaseConnection.php on line 646.
 1 SYSTEMPATH/Database/BaseBuilder.php(1615): CodeIgniter\Database\BaseConnection->query()
 2 SYSTEMPATH/Model.php(237): CodeIgniter\Database\BaseBuilder->get()
 3 SYSTEMPATH/BaseModel.php(624): CodeIgniter\Model->doFindAll()
 4 APPPATH/Controllers/QuotationController.php(215): CodeIgniter\BaseModel->findAll()
 5 SYSTEMPATH/CodeIgniter.php(919): App\Controllers\QuotationController->GetAllQuotation()
 6 SYSTEMPATH/CodeIgniter.php(494): CodeIgniter\CodeIgniter->runController()
 7 SYSTEMPATH/CodeIgniter.php(353): CodeIgniter\CodeIgniter->handleRequest()
 8 FCPATH/index.php(91): CodeIgniter\CodeIgniter->run()
ERROR - 2025-01-06 14:57:53 --> mysqli_sql_exception: Table 'arra_arrangefree.subscribed_users' doesn't exist in /home/arrangefree.com/public_html/backend/vendor/codeigniter4/framework/system/Database/MySQLi/Connection.php:306
Stack trace:
#0 /home/arrangefree.com/public_html/backend/vendor/codeigniter4/framework/system/Database/MySQLi/Connection.php(306): mysqli->query()
#1 /home/arrangefree.com/public_html/backend/vendor/codeigniter4/framework/system/Database/BaseConnection.php(692): CodeIgniter\Database\MySQLi\Connection->execute()
#2 /home/arrangefree.com/public_html/backend/vendor/codeigniter4/framework/system/Database/BaseConnection.php(606): CodeIgniter\Database\BaseConnection->simpleQuery()
#3 /home/arrangefree.com/public_html/backend/vendor/codeigniter4/framework/system/Database/BaseBuilder.php(1615): CodeIgniter\Database\BaseConnection->query()
#4 /home/arrangefree.com/public_html/backend/vendor/codeigniter4/framework/system/Model.php(264): CodeIgniter\Database\BaseBuilder->get()
#5 /home/arrangefree.com/public_html/backend/vendor/codeigniter4/framework/system/BaseModel.php(662): CodeIgniter\Model->doFirst()
#6 /home/arrangefree.com/public_html/backend/app/Controllers/CustomerController.php(417): CodeIgniter\BaseModel->first()
#7 /home/arrangefree.com/public_html/backend/vendor/codeigniter4/framework/system/CodeIgniter.php(919): App\Controllers\CustomerController->getCustomerById()
#8 /home/arrangefree.com/public_html/backend/vendor/codeigniter4/framework/system/CodeIgniter.php(494): CodeIgniter\CodeIgniter->runController()
#9 /home/arrangefree.com/public_html/backend/vendor/codeigniter4/framework/system/CodeIgniter.php(353): CodeIgniter\CodeIgniter->handleRequest()
#10 /home/arrangefree.com/public_html/backend/index.php(91): CodeIgniter\CodeIgniter->run()
#11 {main}
CRITICAL - 2025-01-06 14:57:53 --> Table 'arra_arrangefree.subscribed_users' doesn't exist
in SYSTEMPATH/Database/BaseConnection.php on line 646.
 1 SYSTEMPATH/Database/BaseBuilder.php(1615): CodeIgniter\Database\BaseConnection->query()
 2 SYSTEMPATH/Model.php(264): CodeIgniter\Database\BaseBuilder->get()
 3 SYSTEMPATH/BaseModel.php(662): CodeIgniter\Model->doFirst()
 4 APPPATH/Controllers/CustomerController.php(417): CodeIgniter\BaseModel->first()
 5 SYSTEMPATH/CodeIgniter.php(919): App\Controllers\CustomerController->getCustomerById()
 6 SYSTEMPATH/CodeIgniter.php(494): CodeIgniter\CodeIgniter->runController()
 7 SYSTEMPATH/CodeIgniter.php(353): CodeIgniter\CodeIgniter->handleRequest()
 8 FCPATH/index.php(91): CodeIgniter\CodeIgniter->run()
ERROR - 2025-01-06 15:26:53 --> mysqli_sql_exception: Table 'arra_arrangefree.subscribed_users' doesn't exist in /home/arrangefree.com/public_html/backend/vendor/codeigniter4/framework/system/Database/MySQLi/Connection.php:306
Stack trace:
#0 /home/arrangefree.com/public_html/backend/vendor/codeigniter4/framework/system/Database/MySQLi/Connection.php(306): mysqli->query()
#1 /home/arrangefree.com/public_html/backend/vendor/codeigniter4/framework/system/Database/BaseConnection.php(692): CodeIgniter\Database\MySQLi\Connection->execute()
#2 /home/arrangefree.com/public_html/backend/vendor/codeigniter4/framework/system/Database/BaseConnection.php(606): CodeIgniter\Database\BaseConnection->simpleQuery()
#3 /home/arrangefree.com/public_html/backend/vendor/codeigniter4/framework/system/Database/BaseBuilder.php(1615): CodeIgniter\Database\BaseConnection->query()
#4 /home/arrangefree.com/public_html/backend/vendor/codeigniter4/framework/system/Model.php(264): CodeIgniter\Database\BaseBuilder->get()
#5 /home/arrangefree.com/public_html/backend/vendor/codeigniter4/framework/system/BaseModel.php(662): CodeIgniter\Model->doFirst()
#6 /home/arrangefree.com/public_html/backend/app/Controllers/CustomerController.php(417): CodeIgniter\BaseModel->first()
#7 /home/arrangefree.com/public_html/backend/vendor/codeigniter4/framework/system/CodeIgniter.php(919): App\Controllers\CustomerController->getCustomerById()
#8 /home/arrangefree.com/public_html/backend/vendor/codeigniter4/framework/system/CodeIgniter.php(494): CodeIgniter\CodeIgniter->runController()
#9 /home/arrangefree.com/public_html/backend/vendor/codeigniter4/framework/system/CodeIgniter.php(353): CodeIgniter\CodeIgniter->handleRequest()
#10 /home/arrangefree.com/public_html/backend/index.php(91): CodeIgniter\CodeIgniter->run()
#11 {main}
CRITICAL - 2025-01-06 15:26:53 --> Table 'arra_arrangefree.subscribed_users' doesn't exist
in SYSTEMPATH/Database/BaseConnection.php on line 646.
 1 SYSTEMPATH/Database/BaseBuilder.php(1615): CodeIgniter\Database\BaseConnection->query()
 2 SYSTEMPATH/Model.php(264): CodeIgniter\Database\BaseBuilder->get()
 3 SYSTEMPATH/BaseModel.php(662): CodeIgniter\Model->doFirst()
 4 APPPATH/Controllers/CustomerController.php(417): CodeIgniter\BaseModel->first()
 5 SYSTEMPATH/CodeIgniter.php(919): App\Controllers\CustomerController->getCustomerById()
 6 SYSTEMPATH/CodeIgniter.php(494): CodeIgniter\CodeIgniter->runController()
 7 SYSTEMPATH/CodeIgniter.php(353): CodeIgniter\CodeIgniter->handleRequest()
 8 FCPATH/index.php(91): CodeIgniter\CodeIgniter->run()
ERROR - 2025-01-06 15:33:19 --> mysqli_sql_exception: Table 'arra_arrangefree.drf_quotation' doesn't exist in /home/arrangefree.com/public_html/backend/vendor/codeigniter4/framework/system/Database/MySQLi/Connection.php:306
Stack trace:
#0 /home/arrangefree.com/public_html/backend/vendor/codeigniter4/framework/system/Database/MySQLi/Connection.php(306): mysqli->query()
#1 /home/arrangefree.com/public_html/backend/vendor/codeigniter4/framework/system/Database/BaseConnection.php(692): CodeIgniter\Database\MySQLi\Connection->execute()
#2 /home/arrangefree.com/public_html/backend/vendor/codeigniter4/framework/system/Database/BaseConnection.php(606): CodeIgniter\Database\BaseConnection->simpleQuery()
#3 /home/arrangefree.com/public_html/backend/vendor/codeigniter4/framework/system/Database/BaseBuilder.php(1615): CodeIgniter\Database\BaseConnection->query()
#4 /home/arrangefree.com/public_html/backend/vendor/codeigniter4/framework/system/Model.php(237): CodeIgniter\Database\BaseBuilder->get()
#5 /home/arrangefree.com/public_html/backend/vendor/codeigniter4/framework/system/BaseModel.php(624): CodeIgniter\Model->doFindAll()
#6 /home/arrangefree.com/public_html/backend/app/Controllers/QuotationController.php(215): CodeIgniter\BaseModel->findAll()
#7 /home/arrangefree.com/public_html/backend/vendor/codeigniter4/framework/system/CodeIgniter.php(919): App\Controllers\QuotationController->GetAllQuotation()
#8 /home/arrangefree.com/public_html/backend/vendor/codeigniter4/framework/system/CodeIgniter.php(494): CodeIgniter\CodeIgniter->runController()
#9 /home/arrangefree.com/public_html/backend/vendor/codeigniter4/framework/system/CodeIgniter.php(353): CodeIgniter\CodeIgniter->handleRequest()
#10 /home/arrangefree.com/public_html/backend/index.php(91): CodeIgniter\CodeIgniter->run()
#11 {main}
CRITICAL - 2025-01-06 15:33:19 --> Table 'arra_arrangefree.drf_quotation' doesn't exist
in SYSTEMPATH/Database/BaseConnection.php on line 646.
 1 SYSTEMPATH/Database/BaseBuilder.php(1615): CodeIgniter\Database\BaseConnection->query()
 2 SYSTEMPATH/Model.php(237): CodeIgniter\Database\BaseBuilder->get()
 3 SYSTEMPATH/BaseModel.php(624): CodeIgniter\Model->doFindAll()
 4 APPPATH/Controllers/QuotationController.php(215): CodeIgniter\BaseModel->findAll()
 5 SYSTEMPATH/CodeIgniter.php(919): App\Controllers\QuotationController->GetAllQuotation()
 6 SYSTEMPATH/CodeIgniter.php(494): CodeIgniter\CodeIgniter->runController()
 7 SYSTEMPATH/CodeIgniter.php(353): CodeIgniter\CodeIgniter->handleRequest()
 8 FCPATH/index.php(91): CodeIgniter\CodeIgniter->run()
ERROR - 2025-01-06 15:33:26 --> mysqli_sql_exception: Table 'arra_arrangefree.drf_quotation' doesn't exist in /home/arrangefree.com/public_html/backend/vendor/codeigniter4/framework/system/Database/MySQLi/Connection.php:306
Stack trace:
#0 /home/arrangefree.com/public_html/backend/vendor/codeigniter4/framework/system/Database/MySQLi/Connection.php(306): mysqli->query()
#1 /home/arrangefree.com/public_html/backend/vendor/codeigniter4/framework/system/Database/BaseConnection.php(692): CodeIgniter\Database\MySQLi\Connection->execute()
#2 /home/arrangefree.com/public_html/backend/vendor/codeigniter4/framework/system/Database/BaseConnection.php(606): CodeIgniter\Database\BaseConnection->simpleQuery()
#3 /home/arrangefree.com/public_html/backend/vendor/codeigniter4/framework/system/Database/BaseBuilder.php(1615): CodeIgniter\Database\BaseConnection->query()
#4 /home/arrangefree.com/public_html/backend/vendor/codeigniter4/framework/system/Model.php(237): CodeIgniter\Database\BaseBuilder->get()
#5 /home/arrangefree.com/public_html/backend/vendor/codeigniter4/framework/system/BaseModel.php(624): CodeIgniter\Model->doFindAll()
#6 /home/arrangefree.com/public_html/backend/app/Controllers/QuotationController.php(215): CodeIgniter\BaseModel->findAll()
#7 /home/arrangefree.com/public_html/backend/vendor/codeigniter4/framework/system/CodeIgniter.php(919): App\Controllers\QuotationController->GetAllQuotation()
#8 /home/arrangefree.com/public_html/backend/vendor/codeigniter4/framework/system/CodeIgniter.php(494): CodeIgniter\CodeIgniter->runController()
#9 /home/arrangefree.com/public_html/backend/vendor/codeigniter4/framework/system/CodeIgniter.php(353): CodeIgniter\CodeIgniter->handleRequest()
#10 /home/arrangefree.com/public_html/backend/index.php(91): CodeIgniter\CodeIgniter->run()
#11 {main}
CRITICAL - 2025-01-06 15:33:26 --> Table 'arra_arrangefree.drf_quotation' doesn't exist
in SYSTEMPATH/Database/BaseConnection.php on line 646.
 1 SYSTEMPATH/Database/BaseBuilder.php(1615): CodeIgniter\Database\BaseConnection->query()
 2 SYSTEMPATH/Model.php(237): CodeIgniter\Database\BaseBuilder->get()
 3 SYSTEMPATH/BaseModel.php(624): CodeIgniter\Model->doFindAll()
 4 APPPATH/Controllers/QuotationController.php(215): CodeIgniter\BaseModel->findAll()
 5 SYSTEMPATH/CodeIgniter.php(919): App\Controllers\QuotationController->GetAllQuotation()
 6 SYSTEMPATH/CodeIgniter.php(494): CodeIgniter\CodeIgniter->runController()
 7 SYSTEMPATH/CodeIgniter.php(353): CodeIgniter\CodeIgniter->handleRequest()
 8 FCPATH/index.php(91): CodeIgniter\CodeIgniter->run()
ERROR - 2025-01-06 15:45:27 --> mysqli_sql_exception: Table 'arra_arrangefree.subscribed_users' doesn't exist in /home/arrangefree.com/public_html/backend/vendor/codeigniter4/framework/system/Database/MySQLi/Connection.php:306
Stack trace:
#0 /home/arrangefree.com/public_html/backend/vendor/codeigniter4/framework/system/Database/MySQLi/Connection.php(306): mysqli->query()
#1 /home/arrangefree.com/public_html/backend/vendor/codeigniter4/framework/system/Database/BaseConnection.php(692): CodeIgniter\Database\MySQLi\Connection->execute()
#2 /home/arrangefree.com/public_html/backend/vendor/codeigniter4/framework/system/Database/BaseConnection.php(606): CodeIgniter\Database\BaseConnection->simpleQuery()
#3 /home/arrangefree.com/public_html/backend/vendor/codeigniter4/framework/system/Database/BaseBuilder.php(1615): CodeIgniter\Database\BaseConnection->query()
#4 /home/arrangefree.com/public_html/backend/vendor/codeigniter4/framework/system/Model.php(264): CodeIgniter\Database\BaseBuilder->get()
#5 /home/arrangefree.com/public_html/backend/vendor/codeigniter4/framework/system/BaseModel.php(662): CodeIgniter\Model->doFirst()
#6 /home/arrangefree.com/public_html/backend/app/Controllers/CustomerController.php(417): CodeIgniter\BaseModel->first()
#7 /home/arrangefree.com/public_html/backend/vendor/codeigniter4/framework/system/CodeIgniter.php(919): App\Controllers\CustomerController->getCustomerById()
#8 /home/arrangefree.com/public_html/backend/vendor/codeigniter4/framework/system/CodeIgniter.php(494): CodeIgniter\CodeIgniter->runController()
#9 /home/arrangefree.com/public_html/backend/vendor/codeigniter4/framework/system/CodeIgniter.php(353): CodeIgniter\CodeIgniter->handleRequest()
#10 /home/arrangefree.com/public_html/backend/index.php(91): CodeIgniter\CodeIgniter->run()
#11 {main}
CRITICAL - 2025-01-06 15:45:27 --> Table 'arra_arrangefree.subscribed_users' doesn't exist
in SYSTEMPATH/Database/BaseConnection.php on line 646.
 1 SYSTEMPATH/Database/BaseBuilder.php(1615): CodeIgniter\Database\BaseConnection->query()
 2 SYSTEMPATH/Model.php(264): CodeIgniter\Database\BaseBuilder->get()
 3 SYSTEMPATH/BaseModel.php(662): CodeIgniter\Model->doFirst()
 4 APPPATH/Controllers/CustomerController.php(417): CodeIgniter\BaseModel->first()
 5 SYSTEMPATH/CodeIgniter.php(919): App\Controllers\CustomerController->getCustomerById()
 6 SYSTEMPATH/CodeIgniter.php(494): CodeIgniter\CodeIgniter->runController()
 7 SYSTEMPATH/CodeIgniter.php(353): CodeIgniter\CodeIgniter->handleRequest()
 8 FCPATH/index.php(91): CodeIgniter\CodeIgniter->run()
ERROR - 2025-01-06 15:45:33 --> mysqli_sql_exception: Table 'arra_arrangefree.subscribed_users' doesn't exist in /home/arrangefree.com/public_html/backend/vendor/codeigniter4/framework/system/Database/MySQLi/Connection.php:306
Stack trace:
#0 /home/arrangefree.com/public_html/backend/vendor/codeigniter4/framework/system/Database/MySQLi/Connection.php(306): mysqli->query()
#1 /home/arrangefree.com/public_html/backend/vendor/codeigniter4/framework/system/Database/BaseConnection.php(692): CodeIgniter\Database\MySQLi\Connection->execute()
#2 /home/arrangefree.com/public_html/backend/vendor/codeigniter4/framework/system/Database/BaseConnection.php(606): CodeIgniter\Database\BaseConnection->simpleQuery()
#3 /home/arrangefree.com/public_html/backend/vendor/codeigniter4/framework/system/Database/BaseBuilder.php(1615): CodeIgniter\Database\BaseConnection->query()
#4 /home/arrangefree.com/public_html/backend/vendor/codeigniter4/framework/system/Model.php(264): CodeIgniter\Database\BaseBuilder->get()
#5 /home/arrangefree.com/public_html/backend/vendor/codeigniter4/framework/system/BaseModel.php(662): CodeIgniter\Model->doFirst()
#6 /home/arrangefree.com/public_html/backend/app/Controllers/CustomerController.php(417): CodeIgniter\BaseModel->first()
#7 /home/arrangefree.com/public_html/backend/vendor/codeigniter4/framework/system/CodeIgniter.php(919): App\Controllers\CustomerController->getCustomerById()
#8 /home/arrangefree.com/public_html/backend/vendor/codeigniter4/framework/system/CodeIgniter.php(494): CodeIgniter\CodeIgniter->runController()
#9 /home/arrangefree.com/public_html/backend/vendor/codeigniter4/framework/system/CodeIgniter.php(353): CodeIgniter\CodeIgniter->handleRequest()
#10 /home/arrangefree.com/public_html/backend/index.php(91): CodeIgniter\CodeIgniter->run()
#11 {main}
CRITICAL - 2025-01-06 15:45:33 --> Table 'arra_arrangefree.subscribed_users' doesn't exist
in SYSTEMPATH/Database/BaseConnection.php on line 646.
 1 SYSTEMPATH/Database/BaseBuilder.php(1615): CodeIgniter\Database\BaseConnection->query()
 2 SYSTEMPATH/Model.php(264): CodeIgniter\Database\BaseBuilder->get()
 3 SYSTEMPATH/BaseModel.php(662): CodeIgniter\Model->doFirst()
 4 APPPATH/Controllers/CustomerController.php(417): CodeIgniter\BaseModel->first()
 5 SYSTEMPATH/CodeIgniter.php(919): App\Controllers\CustomerController->getCustomerById()
 6 SYSTEMPATH/CodeIgniter.php(494): CodeIgniter\CodeIgniter->runController()
 7 SYSTEMPATH/CodeIgniter.php(353): CodeIgniter\CodeIgniter->handleRequest()
 8 FCPATH/index.php(91): CodeIgniter\CodeIgniter->run()
